{"logTime": "0603/182929", "correlationVector":"DskokigizYvDMd03/gMZIp.3","action":"GetUpdates Response", "result":"SYNCER_OK", "context":Received 3 update(s). cV=DskokigizYvDMd03/gMZIp.0;server=GENERAL01000006;cloudType=Multitenant;environment=Prod_WestEurope_000l;migrationStage=NotStarted}
{"logTime": "0603/182930", "correlationVector":"oRv4YqItTK5/F7F7Nxu/Gy","action":"Normal GetUpdate request", "result":"", "context":cV=oRv4YqItTK5/F7F7Nxu/Gy
Nudged types: Sessions}
{"logTime": "0603/182930", "correlationVector":"oRv4YqItTK5/F7F7Nxu/Gy.1","action":"SyncServerConnectionManagerRequest", "result":"SYNC_SERVER_OK", "context":{"environment":"Prod_WestEurope_000l", "migrationStage":"NotStarted", "server":"GENERAL01000016"}}
{"logTime": "0603/182930", "correlationVector":"oRv4YqItTK5/F7F7Nxu/Gy.2","action":"GetUpdates Response", "result":"SYNCER_OK", "context":Received 0 update(s). cV=oRv4YqItTK5/F7F7Nxu/Gy.0;server=GENERAL01000016;cloudType=Multitenant;environment=Prod_WestEurope_000l;migrationStage=NotStarted}
{"logTime": "0603/182930", "correlationVector":"27LRe2T1By2eJx9hmRNL9/","action":"Commit Request", "result":"", "context":Item count: 1
Contributing types: Sessions}
{"logTime": "0603/182930", "correlationVector":"27LRe2T1By2eJx9hmRNL9/.1","action":"SyncServerConnectionManagerRequest", "result":"SYNC_SERVER_OK", "context":{"environment":"Prod_WestEurope_000l", "migrationStage":"NotStarted", "server":"GENERAL01000014"}}
{"logTime": "0603/182930", "correlationVector":"27LRe2T1By2eJx9hmRNL9/.2","action":"Commit Response", "result":"SYNCER_OK", "context":Result: SYNCER_OK. cV=27LRe2T1By2eJx9hmRNL9/.0;server=GENERAL01000014;cloudType=Multitenant;environment=Prod_WestEurope_000l;migrationStage=NotStarted}
{"logTime": "0603/183305", "correlationVector":"IzgXPNW8JEtx7DF6YrYZOt.0","action":"FeedSettingFetch_homeCloud", "result":"0", "context":{}}
{"logTime": "0603/183305", "correlationVector":"xnOZUGDPX2MF1zKwXYBiPT.1","action":"SyncServerConnectionManagerRequest", "result":"SYNC_SERVER_OK", "context":{"environment":"Prod_WestEurope_x00e", "migrationStage":"NotStarted", "server":"GENERAL0100001H"}}
{"logTime": "0603/183305", "correlationVector":"xnOZUGDPX2MF1zKwXYBiPT.2","action":"AAD.Mip.Unpack", "result":"Success", "context":MIP_CLOUD_COMMERCIAL:Success}
{"logTime": "0603/183305", "correlationVector":"xnOZUGDPX2MF1zKwXYBiPT.3","action":"AAD.GetKeyResponse", "result":"Success", "context":Keys=2.LastKeyStatus=Normal. 2023-06-02 16:25:15 +03.State=None. Tags: Current_encryption_keys_tag = H1/vv73vv73vv73vv71zeu+/vS7vv73pk7MIAu+/vRlp77+9Qnbvv71MGu+/vXfvv73vv71q77+9Qg==, Updated_current_encryption_keys_tag = Empty}
{"logTime": "0603/183305", "correlationVector":"xnOZUGDPX2MF1zKwXYBiPT","action":"Initial GetUpdates", "result":"", "context":Reason: NEW_CLIENT. cV=xnOZUGDPX2MF1zKwXYBiPT}
{"logTime": "0603/183305", "correlationVector":"xnOZUGDPX2MF1zKwXYBiPT.4","action":"GetUpdates Response", "result":"SYNCER_OK", "context":Received 1 update(s). cV=xnOZUGDPX2MF1zKwXYBiPT.0;server=GENERAL0100001H;cloudType=Multitenant;environment=Prod_WestEurope_x00e;migrationStage=NotStarted}
{"logTime": "0603/183305", "correlationVector":"0E53NY6T+KXCI9+qhPCi5I","action":"Initial GetUpdates", "result":"", "context":Reason: NEWLY_SUPPORTED_DATATYPE. cV=0E53NY6T+KXCI9+qhPCi5I}
{"logTime": "0603/183305", "correlationVector":"0E53NY6T+KXCI9+qhPCi5I.1","action":"SyncServerConnectionManagerRequest", "result":"SYNC_SERVER_OK", "context":{"environment":"Prod_WestEurope_x00e", "migrationStage":"NotStarted", "server":"GENERAL0100000X"}}
{"logTime": "0603/183305", "correlationVector":"0E53NY6T+KXCI9+qhPCi5I.2","action":"GetUpdates Response", "result":"SYNCER_OK", "context":Received 1 update(s). cV=0E53NY6T+KXCI9+qhPCi5I.0;server=GENERAL0100000X;cloudType=Multitenant;environment=Prod_WestEurope_x00e;migrationStage=NotStarted}
{"logTime": "0603/183305", "correlationVector":"uBFbAeiR9IcSqzqircIgHy","action":"Normal GetUpdate request", "result":"", "context":cV=uBFbAeiR9IcSqzqircIgHy
Nudged types: Sessions, User Consents
Refresh requested types: Bookmarks, Preferences, Passwords, Autofill Profiles, Autofill, Autofill Custom Data, Typed URLs, Extensions, Sessions, Extension settings, History Delete Directives, Device Info, User Consents, Send Tab To Self, Web Apps, Collection, Edge E Drop, Encryption Keys}
{"logTime": "0603/183305", "correlationVector":"uBFbAeiR9IcSqzqircIgHy.1","action":"SyncServerConnectionManagerRequest", "result":"SYNC_SERVER_OK", "context":{"environment":"Prod_WestEurope_x00e", "migrationStage":"NotStarted", "server":"GENERAL0100000Y"}}
{"logTime": "0603/183305", "correlationVector":"uBFbAeiR9IcSqzqircIgHy.2","action":"GetUpdates Response", "result":"SYNCER_OK", "context":Received 1 update(s). cV=uBFbAeiR9IcSqzqircIgHy.0;server=GENERAL0100000Y;cloudType=Multitenant;environment=Prod_WestEurope_x00e;migrationStage=NotStarted}
{"logTime": "0603/183305", "correlationVector":"SDiipw6kH6MJqL7+z4CxMW","action":"Commit Request", "result":"", "context":Item count: 4
Contributing types: Sessions, User Consents}
{"logTime": "0603/183305", "correlationVector":"SDiipw6kH6MJqL7+z4CxMW.1","action":"SyncServerConnectionManagerRequest", "result":"SYNC_SERVER_OK", "context":{"environment":"Prod_WestEurope_000l", "migrationStage":"NotStarted", "server":"GENERAL0100000R"}}
{"logTime": "0603/183305", "correlationVector":"SDiipw6kH6MJqL7+z4CxMW.2","action":"Commit Response", "result":"SYNCER_OK", "context":Result: SYNCER_OK. cV=SDiipw6kH6MJqL7+z4CxMW.0;server=GENERAL0100000R;cloudType=Multitenant;environment=Prod_WestEurope_000l;migrationStage=NotStarted}
{"logTime": "0603/183305", "correlationVector":"SDiipw6kH6MJqL7+z4CxMW.3","action":"Commit.Sessions", "result":"Success", "context":{"id":"6e54f88d-260b-431d-a5e9-1a97d1764145", "isDeleted":"true", "size":"0", "version":"1685816947047"}}
{"logTime": "0603/183305", "correlationVector":"P+myD7nM7LJdPv/fUiA7hQ","action":"Normal GetUpdate request", "result":"", "context":cV=P+myD7nM7LJdPv/fUiA7hQ
Nudged types: Sessions}
{"logTime": "0603/183305", "correlationVector":"P+myD7nM7LJdPv/fUiA7hQ.1","action":"SyncServerConnectionManagerRequest", "result":"SYNC_SERVER_OK", "context":{"environment":"Prod_WestEurope_000l", "migrationStage":"NotStarted", "server":"GENERAL01000016"}}
{"logTime": "0603/183305", "correlationVector":"P+myD7nM7LJdPv/fUiA7hQ.2","action":"GetUpdates", "result":"DeleteReceived", "context":{"id":"6e54f88d-260b-431d-a5e9-1a97d1764145", "isDeleted:":"true", "version":"1685817129106"}}
{"logTime": "0603/183305", "correlationVector":"P+myD7nM7LJdPv/fUiA7hQ.3","action":"GetUpdates Response", "result":"SYNCER_OK", "context":Received 3 update(s). cV=P+myD7nM7LJdPv/fUiA7hQ.0;server=GENERAL01000016;cloudType=Multitenant;environment=Prod_WestEurope_000l;migrationStage=NotStarted}
{"logTime": "0603/183305", "correlationVector":"Ug8b6tCseJCi+yW3FIGS8I","action":"Commit Request", "result":"", "context":Item count: 1
Contributing types: Sessions}
{"logTime": "0603/183305", "correlationVector":"Ug8b6tCseJCi+yW3FIGS8I.1","action":"SyncServerConnectionManagerRequest", "result":"SYNC_SERVER_OK", "context":{"environment":"Prod_WestEurope_x00e", "migrationStage":"NotStarted", "server":"GENERAL0100000R"}}
{"logTime": "0603/183305", "correlationVector":"Ug8b6tCseJCi+yW3FIGS8I.2","action":"Commit Response", "result":"SYNCER_OK", "context":Result: SYNCER_OK. cV=Ug8b6tCseJCi+yW3FIGS8I.0;server=GENERAL0100000R;cloudType=Multitenant;environment=Prod_WestEurope_x00e;migrationStage=NotStarted}
{"logTime": "0603/183309", "correlationVector":"yIHuQXdgPOnzffRxcqRGym","action":"Normal GetUpdate request", "result":"", "context":cV=yIHuQXdgPOnzffRxcqRGym
Nudged types: Sessions}
{"logTime": "0603/183309", "correlationVector":"yIHuQXdgPOnzffRxcqRGym.1","action":"SyncServerConnectionManagerRequest", "result":"SYNC_SERVER_OK", "context":{"environment":"Prod_WestEurope_x00e", "migrationStage":"NotStarted", "server":"GENERAL0100001N"}}
{"logTime": "0603/183309", "correlationVector":"yIHuQXdgPOnzffRxcqRGym.2","action":"GetUpdates Response", "result":"SYNCER_OK", "context":Received 1 update(s). cV=yIHuQXdgPOnzffRxcqRGym.0;server=GENERAL0100001N;cloudType=Multitenant;environment=Prod_WestEurope_x00e;migrationStage=NotStarted}
{"logTime": "0603/183339", "correlationVector":"t7kayaSJSHgOSKE7UDMjyd","action":"Commit Request", "result":"", "context":Item count: 1
Contributing types: Sessions}
{"logTime": "0603/183340", "correlationVector":"t7kayaSJSHgOSKE7UDMjyd.1","action":"SyncServerConnectionManagerRequest", "result":"SYNC_SERVER_OK", "context":{"environment":"Prod_WestEurope_000l", "migrationStage":"NotStarted", "server":"GENERAL0100000F"}}
{"logTime": "0603/183340", "correlationVector":"t7kayaSJSHgOSKE7UDMjyd.2","action":"Commit Response", "result":"SYNCER_OK", "context":Result: SYNCER_OK. cV=t7kayaSJSHgOSKE7UDMjyd.0;server=GENERAL0100000F;cloudType=Multitenant;environment=Prod_WestEurope_000l;migrationStage=NotStarted}
{"logTime": "0603/183935", "correlationVector":"/uCkwFtF71FsDqbcfePH4f.0","action":"FeedSettingFetch_homeCloud", "result":"0", "context":{}}
{"logTime": "0603/183935", "correlationVector":"EfcaXy986PNOQ8zCmBJVRx.1","action":"SyncServerConnectionManagerRequest", "result":"SYNC_SERVER_OK", "context":{"environment":"Prod_WestEurope_000l", "migrationStage":"NotStarted", "server":"GENERAL01000014"}}
{"logTime": "0603/183935", "correlationVector":"EfcaXy986PNOQ8zCmBJVRx.2","action":"AAD.Mip.Unpack", "result":"Success", "context":MIP_CLOUD_COMMERCIAL:Success}
{"logTime": "0603/183935", "correlationVector":"EfcaXy986PNOQ8zCmBJVRx.3","action":"AAD.GetKeyResponse", "result":"Success", "context":Keys=2.LastKeyStatus=Normal. 2023-06-02 16:25:15 +03.State=None. Tags: Current_encryption_keys_tag = H1/vv73vv73vv73vv71zeu+/vS7vv73pk7MIAu+/vRlp77+9Qnbvv71MGu+/vXfvv73vv71q77+9Qg==, Updated_current_encryption_keys_tag = Empty}
{"logTime": "0603/183935", "correlationVector":"EfcaXy986PNOQ8zCmBJVRx","action":"Initial GetUpdates", "result":"", "context":Reason: NEW_CLIENT. cV=EfcaXy986PNOQ8zCmBJVRx}
{"logTime": "0603/183935", "correlationVector":"EfcaXy986PNOQ8zCmBJVRx.4","action":"GetUpdates Response", "result":"SYNCER_OK", "context":Received 1 update(s). cV=EfcaXy986PNOQ8zCmBJVRx.0;server=GENERAL01000014;cloudType=Multitenant;environment=Prod_WestEurope_000l;migrationStage=NotStarted}
{"logTime": "0603/183935", "correlationVector":"ehhbUGkGEWs7KaGIoPDZPx","action":"Initial GetUpdates", "result":"", "context":Reason: NEWLY_SUPPORTED_DATATYPE. cV=ehhbUGkGEWs7KaGIoPDZPx}
{"logTime": "0603/183935", "correlationVector":"ehhbUGkGEWs7KaGIoPDZPx.1","action":"SyncServerConnectionManagerRequest", "result":"SYNC_SERVER_OK", "context":{"environment":"Prod_WestEurope_x00e", "migrationStage":"NotStarted", "server":"GENERAL0100000R"}}
{"logTime": "0603/183935", "correlationVector":"ehhbUGkGEWs7KaGIoPDZPx.2","action":"GetUpdates Response", "result":"SYNCER_OK", "context":Received 1 update(s). cV=ehhbUGkGEWs7KaGIoPDZPx.0;server=GENERAL0100000R;cloudType=Multitenant;environment=Prod_WestEurope_x00e;migrationStage=NotStarted}
{"logTime": "0603/183935", "correlationVector":"tRkn4es8XzO339gtuFNZwR","action":"Normal GetUpdate request", "result":"", "context":cV=tRkn4es8XzO339gtuFNZwR
Nudged types: Sessions, User Consents
Refresh requested types: Bookmarks, Preferences, Passwords, Autofill Profiles, Autofill, Autofill Custom Data, Typed URLs, Extensions, Sessions, Extension settings, History Delete Directives, Device Info, User Consents, Send Tab To Self, Web Apps, Collection, Edge E Drop, Encryption Keys}
{"logTime": "0603/183935", "correlationVector":"tRkn4es8XzO339gtuFNZwR.1","action":"SyncServerConnectionManagerRequest", "result":"SYNC_SERVER_OK", "context":{"environment":"Prod_WestEurope_x00e", "migrationStage":"NotStarted", "server":"GENERAL0100001M"}}
{"logTime": "0603/183935", "correlationVector":"tRkn4es8XzO339gtuFNZwR.2","action":"GetUpdates Response", "result":"SYNCER_OK", "context":Received 1 update(s). cV=tRkn4es8XzO339gtuFNZwR.0;server=GENERAL0100001M;cloudType=Multitenant;environment=Prod_WestEurope_x00e;migrationStage=NotStarted}
{"logTime": "0603/183935", "correlationVector":"2ro1FY0Ow4QseEELi2Xx12","action":"Commit Request", "result":"", "context":Item count: 4
Contributing types: Sessions, User Consents}
{"logTime": "0603/183935", "correlationVector":"2ro1FY0Ow4QseEELi2Xx12.1","action":"SyncServerConnectionManagerRequest", "result":"SYNC_SERVER_OK", "context":{"environment":"Prod_WestEurope_000l", "migrationStage":"NotStarted", "server":"GENERAL01000008"}}
{"logTime": "0603/183935", "correlationVector":"2ro1FY0Ow4QseEELi2Xx12.3","action":"Commit.Sessions", "result":"Success", "context":{"id":"0a58a293-db7d-4552-92e3-0f0a50eeed69", "isDeleted":"true", "size":"0", "version":"1685817220583"}}
{"logTime": "0603/183935", "correlationVector":"2ro1FY0Ow4QseEELi2Xx12.2","action":"Commit Response", "result":"SYNCER_OK", "context":Result: SYNCER_OK. cV=2ro1FY0Ow4QseEELi2Xx12.0;server=GENERAL01000008;cloudType=Multitenant;environment=Prod_WestEurope_000l;migrationStage=NotStarted}
{"logTime": "0603/184001", "correlationVector":"XgHDm44qLvgtpMZUnlEWxp","action":"Normal GetUpdate request", "result":"", "context":cV=XgHDm44qLvgtpMZUnlEWxp
Nudged types: Sessions}
{"logTime": "0603/184001", "correlationVector":"XgHDm44qLvgtpMZUnlEWxp.1","action":"SyncServerConnectionManagerRequest", "result":"SYNC_SERVER_OK", "context":{"environment":"Prod_WestEurope_x00e", "migrationStage":"NotStarted", "server":"GENERAL0100000I"}}
{"logTime": "0603/184001", "correlationVector":"XgHDm44qLvgtpMZUnlEWxp.2","action":"GetUpdates", "result":"DeleteReceived", "context":{"id":"0a58a293-db7d-4552-92e3-0f0a50eeed69", "isDeleted:":"true", "version":"1685817571589"}}
{"logTime": "0603/184001", "correlationVector":"XgHDm44qLvgtpMZUnlEWxp.3","action":"GetUpdates Response", "result":"SYNCER_OK", "context":Received 3 update(s). cV=XgHDm44qLvgtpMZUnlEWxp.0;server=GENERAL0100000I;cloudType=Multitenant;environment=Prod_WestEurope_x00e;migrationStage=NotStarted}
{"logTime": "0603/184001", "correlationVector":"GLIp90vdsbII9PLttiXU7Y","action":"Commit Request", "result":"", "context":Item count: 1
Contributing types: Sessions}
{"logTime": "0603/184001", "correlationVector":"GLIp90vdsbII9PLttiXU7Y.1","action":"SyncServerConnectionManagerRequest", "result":"SYNC_SERVER_OK", "context":{"environment":"Prod_WestEurope_x00e", "migrationStage":"NotStarted", "server":"GENERAL01000020"}}
{"logTime": "0603/184001", "correlationVector":"GLIp90vdsbII9PLttiXU7Y.2","action":"Commit Response", "result":"SYNCER_OK", "context":Result: SYNCER_OK. cV=GLIp90vdsbII9PLttiXU7Y.0;server=GENERAL01000020;cloudType=Multitenant;environment=Prod_WestEurope_x00e;migrationStage=NotStarted}
{"logTime": "0603/184355", "correlationVector":"OxcNDearYKFZGT5yaL2Gfu.0","action":"FeedSettingFetch_homeCloud", "result":"0", "context":{}}
{"logTime": "0603/184355", "correlationVector":"tL84rho2O8VfzfimivhntN.1","action":"SyncServerConnectionManagerRequest", "result":"SYNC_SERVER_OK", "context":{"environment":"Prod_WestEurope_x00e", "migrationStage":"NotStarted", "server":"GENERAL0100000V"}}
{"logTime": "0603/184355", "correlationVector":"tL84rho2O8VfzfimivhntN.2","action":"AAD.Mip.Unpack", "result":"Success", "context":MIP_CLOUD_COMMERCIAL:Success}
{"logTime": "0603/184355", "correlationVector":"tL84rho2O8VfzfimivhntN.3","action":"AAD.GetKeyResponse", "result":"Success", "context":Keys=2.LastKeyStatus=Normal. 2023-06-02 16:25:15 +03.State=None. Tags: Current_encryption_keys_tag = H1/vv73vv73vv73vv71zeu+/vS7vv73pk7MIAu+/vRlp77+9Qnbvv71MGu+/vXfvv73vv71q77+9Qg==, Updated_current_encryption_keys_tag = Empty}
{"logTime": "0603/184355", "correlationVector":"tL84rho2O8VfzfimivhntN","action":"Initial GetUpdates", "result":"", "context":Reason: NEW_CLIENT. cV=tL84rho2O8VfzfimivhntN}
{"logTime": "0603/184355", "correlationVector":"tL84rho2O8VfzfimivhntN.4","action":"GetUpdates Response", "result":"SYNCER_OK", "context":Received 1 update(s). cV=tL84rho2O8VfzfimivhntN.0;server=GENERAL0100000V;cloudType=Multitenant;environment=Prod_WestEurope_x00e;migrationStage=NotStarted}
{"logTime": "0603/184355", "correlationVector":"YIabasM+EgmP5SZDRRMgOd","action":"Initial GetUpdates", "result":"", "context":Reason: NEWLY_SUPPORTED_DATATYPE. cV=YIabasM+EgmP5SZDRRMgOd}
{"logTime": "0603/184355", "correlationVector":"YIabasM+EgmP5SZDRRMgOd.1","action":"SyncServerConnectionManagerRequest", "result":"SYNC_SERVER_OK", "context":{"environment":"Prod_WestEurope_x00e", "migrationStage":"NotStarted", "server":"GENERAL01000016"}}
{"logTime": "0603/184355", "correlationVector":"YIabasM+EgmP5SZDRRMgOd.2","action":"GetUpdates Response", "result":"SYNCER_OK", "context":Received 1 update(s). cV=YIabasM+EgmP5SZDRRMgOd.0;server=GENERAL01000016;cloudType=Multitenant;environment=Prod_WestEurope_x00e;migrationStage=NotStarted}
{"logTime": "0603/184355", "correlationVector":"K/DxrB6h9vz6wbcGmXnUKs","action":"Normal GetUpdate request", "result":"", "context":cV=K/DxrB6h9vz6wbcGmXnUKs
Nudged types: Sessions, User Consents
Refresh requested types: Bookmarks, Preferences, Passwords, Autofill Profiles, Autofill, Autofill Custom Data, Typed URLs, Extensions, Sessions, Extension settings, History Delete Directives, Device Info, User Consents, Send Tab To Self, Web Apps, Collection, Edge E Drop, Encryption Keys}
{"logTime": "0603/184355", "correlationVector":"K/DxrB6h9vz6wbcGmXnUKs.1","action":"SyncServerConnectionManagerRequest", "result":"SYNC_SERVER_OK", "context":{"environment":"Prod_WestEurope_x00e", "migrationStage":"NotStarted", "server":"GENERAL01000002"}}
{"logTime": "0603/184355", "correlationVector":"K/DxrB6h9vz6wbcGmXnUKs.2","action":"GetUpdates Response", "result":"SYNCER_OK", "context":Received 1 update(s). cV=K/DxrB6h9vz6wbcGmXnUKs.0;server=GENERAL01000002;cloudType=Multitenant;environment=Prod_WestEurope_x00e;migrationStage=NotStarted}
{"logTime": "0603/184355", "correlationVector":"pOC56pY1E0lUKNQ4stnY1t","action":"Commit Request", "result":"", "context":Item count: 4
Contributing types: Sessions, User Consents}
{"logTime": "0603/184355", "correlationVector":"pOC56pY1E0lUKNQ4stnY1t.1","action":"SyncServerConnectionManagerRequest", "result":"SYNC_SERVER_OK", "context":{"environment":"Prod_WestEurope_x00e", "migrationStage":"NotStarted", "server":"GENERAL01000024"}}
{"logTime": "0603/184355", "correlationVector":"pOC56pY1E0lUKNQ4stnY1t.3","action":"Commit.Sessions", "result":"Success", "context":{"id":"c955ea25-8bd2-4003-86ee-9617bf4fc463", "isDeleted":"true", "size":"0", "version":"1685817602109"}}
{"logTime": "0603/184355", "correlationVector":"pOC56pY1E0lUKNQ4stnY1t.2","action":"Commit Response", "result":"SYNCER_OK", "context":Result: SYNCER_OK. cV=pOC56pY1E0lUKNQ4stnY1t.0;server=GENERAL01000024;cloudType=Multitenant;environment=Prod_WestEurope_x00e;migrationStage=NotStarted}
{"logTime": "0603/184356", "correlationVector":"UrC45Fidsc2w0HiS3KWOit","action":"Normal GetUpdate request", "result":"", "context":cV=UrC45Fidsc2w0HiS3KWOit
Nudged types: Sessions}
{"logTime": "0603/184356", "correlationVector":"UrC45Fidsc2w0HiS3KWOit.1","action":"SyncServerConnectionManagerRequest", "result":"SYNC_SERVER_OK", "context":{"environment":"Prod_WestEurope_x00e", "migrationStage":"NotStarted", "server":"GENERAL0100001M"}}
{"logTime": "0603/184356", "correlationVector":"UrC45Fidsc2w0HiS3KWOit.2","action":"GetUpdates", "result":"DeleteReceived", "context":{"id":"c955ea25-8bd2-4003-86ee-9617bf4fc463", "isDeleted:":"true", "version":"1685817790788"}}
{"logTime": "0603/184356", "correlationVector":"UrC45Fidsc2w0HiS3KWOit.3","action":"GetUpdates Response", "result":"SYNCER_OK", "context":Received 3 update(s). cV=UrC45Fidsc2w0HiS3KWOit.0;server=GENERAL0100001M;cloudType=Multitenant;environment=Prod_WestEurope_x00e;migrationStage=NotStarted}
{"logTime": "0603/184356", "correlationVector":"poZnaZFUbh6KBvvEYPFXH/","action":"Commit Request", "result":"", "context":Item count: 1
Contributing types: Sessions}
{"logTime": "0603/184356", "correlationVector":"poZnaZFUbh6KBvvEYPFXH/.1","action":"SyncServerConnectionManagerRequest", "result":"SYNC_SERVER_OK", "context":{"environment":"Prod_WestEurope_x00e", "migrationStage":"NotStarted", "server":"GENERAL0100001E"}}
{"logTime": "0603/184356", "correlationVector":"poZnaZFUbh6KBvvEYPFXH/.2","action":"Commit Response", "result":"SYNCER_OK", "context":Result: SYNCER_OK. cV=poZnaZFUbh6KBvvEYPFXH/.0;server=GENERAL0100001E;cloudType=Multitenant;environment=Prod_WestEurope_x00e;migrationStage=NotStarted}
{"logTime": "0603/184410", "correlationVector":"1Md7QNLU6t/H7oILDrSFfj","action":"Normal GetUpdate request", "result":"", "context":cV=1Md7QNLU6t/H7oILDrSFfj
Nudged types: Sessions}
{"logTime": "0603/184410", "correlationVector":"1Md7QNLU6t/H7oILDrSFfj.1","action":"SyncServerConnectionManagerRequest", "result":"SYNC_SERVER_OK", "context":{"environment":"Prod_WestEurope_000l", "migrationStage":"NotStarted", "server":"GENERAL0100000Q"}}
{"logTime": "0603/184410", "correlationVector":"1Md7QNLU6t/H7oILDrSFfj.2","action":"GetUpdates Response", "result":"SYNCER_OK", "context":Received 1 update(s). cV=1Md7QNLU6t/H7oILDrSFfj.0;server=GENERAL0100000Q;cloudType=Multitenant;environment=Prod_WestEurope_000l;migrationStage=NotStarted}
{"logTime": "0603/185426", "correlationVector":"35ckkb5Udjc9/YELFXg01W.0","action":"FeedSettingFetch_homeCloud", "result":"0", "context":{}}
{"logTime": "0603/185426", "correlationVector":"6Z1XDucfpo8yNIThfVC3av.1","action":"SyncServerConnectionManagerRequest", "result":"SYNC_SERVER_OK", "context":{"environment":"Prod_WestEurope_000l", "migrationStage":"NotStarted", "server":"GENERAL01000013"}}
{"logTime": "0603/185426", "correlationVector":"6Z1XDucfpo8yNIThfVC3av.2","action":"AAD.Mip.Unpack", "result":"Success", "context":MIP_CLOUD_COMMERCIAL:Success}
{"logTime": "0603/185426", "correlationVector":"6Z1XDucfpo8yNIThfVC3av.3","action":"AAD.GetKeyResponse", "result":"Success", "context":Keys=2.LastKeyStatus=Normal. 2023-06-02 16:25:15 +03.State=None. Tags: Current_encryption_keys_tag = H1/vv73vv73vv73vv71zeu+/vS7vv73pk7MIAu+/vRlp77+9Qnbvv71MGu+/vXfvv73vv71q77+9Qg==, Updated_current_encryption_keys_tag = Empty}
{"logTime": "0603/185426", "correlationVector":"6Z1XDucfpo8yNIThfVC3av","action":"Initial GetUpdates", "result":"", "context":Reason: NEW_CLIENT. cV=6Z1XDucfpo8yNIThfVC3av}
{"logTime": "0603/185426", "correlationVector":"6Z1XDucfpo8yNIThfVC3av.4","action":"GetUpdates Response", "result":"SYNCER_OK", "context":Received 1 update(s). cV=6Z1XDucfpo8yNIThfVC3av.0;server=GENERAL01000013;cloudType=Multitenant;environment=Prod_WestEurope_000l;migrationStage=NotStarted}
{"logTime": "0603/185426", "correlationVector":"XPR/7MiCQb73pWCzTkqtt/","action":"Initial GetUpdates", "result":"", "context":Reason: NEWLY_SUPPORTED_DATATYPE. cV=XPR/7MiCQb73pWCzTkqtt/}
{"logTime": "0603/185426", "correlationVector":"XPR/7MiCQb73pWCzTkqtt/.1","action":"SyncServerConnectionManagerRequest", "result":"SYNC_SERVER_OK", "context":{"environment":"Prod_WestEurope_000l", "migrationStage":"NotStarted", "server":"GENERAL0100000G"}}
{"logTime": "0603/185426", "correlationVector":"XPR/7MiCQb73pWCzTkqtt/.2","action":"GetUpdates Response", "result":"SYNCER_OK", "context":Received 1 update(s). cV=XPR/7MiCQb73pWCzTkqtt/.0;server=GENERAL0100000G;cloudType=Multitenant;environment=Prod_WestEurope_000l;migrationStage=NotStarted}
{"logTime": "0603/185426", "correlationVector":"PvKCKh3HjzXGyhg/LilcQ9","action":"Normal GetUpdate request", "result":"", "context":cV=PvKCKh3HjzXGyhg/LilcQ9
Nudged types: Sessions, User Consents
Refresh requested types: Bookmarks, Preferences, Passwords, Autofill Profiles, Autofill, Autofill Custom Data, Typed URLs, Extensions, Sessions, Extension settings, History Delete Directives, Device Info, User Consents, Send Tab To Self, Web Apps, Collection, Edge E Drop, Encryption Keys}
{"logTime": "0603/185426", "correlationVector":"PvKCKh3HjzXGyhg/LilcQ9.1","action":"SyncServerConnectionManagerRequest", "result":"SYNC_SERVER_OK", "context":{"environment":"Prod_WestEurope_x00e", "migrationStage":"NotStarted", "server":"GENERAL0100000T"}}
{"logTime": "0603/185426", "correlationVector":"PvKCKh3HjzXGyhg/LilcQ9.2","action":"GetUpdates Response", "result":"SYNCER_OK", "context":Received 0 update(s). cV=PvKCKh3HjzXGyhg/LilcQ9.0;server=GENERAL0100000T;cloudType=Multitenant;environment=Prod_WestEurope_x00e;migrationStage=NotStarted}
{"logTime": "0603/185426", "correlationVector":"ljDg31AX2vLin+5SUgQIbz","action":"Commit Request", "result":"", "context":Item count: 4
Contributing types: Sessions, User Consents}
{"logTime": "0603/185426", "correlationVector":"ljDg31AX2vLin+5SUgQIbz.1","action":"SyncServerConnectionManagerRequest", "result":"SYNC_SERVER_OK", "context":{"environment":"Prod_WestEurope_x00e", "migrationStage":"NotStarted", "server":"GENERAL01000002"}}
{"logTime": "0603/185426", "correlationVector":"ljDg31AX2vLin+5SUgQIbz.3","action":"Commit.Sessions", "result":"Success", "context":{"id":"556026bd-95cc-4dcb-8f78-d26a0e63905a", "isDeleted":"true", "size":"0", "version":"1685817821373"}}
{"logTime": "0603/185426", "correlationVector":"ljDg31AX2vLin+5SUgQIbz.2","action":"Commit Response", "result":"SYNCER_OK", "context":Result: SYNCER_OK. cV=ljDg31AX2vLin+5SUgQIbz.0;server=GENERAL01000002;cloudType=Multitenant;environment=Prod_WestEurope_x00e;migrationStage=NotStarted}
{"logTime": "0603/185426", "correlationVector":"dY+kRVetJ9BqHCczlHBYba","action":"Normal GetUpdate request", "result":"", "context":cV=dY+kRVetJ9BqHCczlHBYba
Nudged types: Sessions}
{"logTime": "0603/185426", "correlationVector":"dY+kRVetJ9BqHCczlHBYba.1","action":"SyncServerConnectionManagerRequest", "result":"SYNC_SERVER_OK", "context":{"environment":"Prod_WestEurope_x00e", "migrationStage":"NotStarted", "server":"GENERAL0100001E"}}
{"logTime": "0603/185426", "correlationVector":"dY+kRVetJ9BqHCczlHBYba.2","action":"GetUpdates", "result":"DeleteReceived", "context":{"id":"556026bd-95cc-4dcb-8f78-d26a0e63905a", "isDeleted:":"true", "version":"1685818429540"}}
{"logTime": "0603/185426", "correlationVector":"dY+kRVetJ9BqHCczlHBYba.3","action":"GetUpdates Response", "result":"SYNCER_OK", "context":Received 3 update(s). cV=dY+kRVetJ9BqHCczlHBYba.0;server=GENERAL0100001E;cloudType=Multitenant;environment=Prod_WestEurope_x00e;migrationStage=NotStarted}
{"logTime": "0603/185426", "correlationVector":"2eVcyC4AybkEFCfqmUUEFM","action":"Commit Request", "result":"", "context":Item count: 1
Contributing types: Sessions}
{"logTime": "0603/185426", "correlationVector":"2eVcyC4AybkEFCfqmUUEFM.1","action":"SyncServerConnectionManagerRequest", "result":"SYNC_SERVER_OK", "context":{"environment":"Prod_WestEurope_000l", "migrationStage":"NotStarted", "server":"general0100001Y"}}
{"logTime": "0603/185426", "correlationVector":"2eVcyC4AybkEFCfqmUUEFM.2","action":"Commit Response", "result":"SYNCER_OK", "context":Result: SYNCER_OK. cV=2eVcyC4AybkEFCfqmUUEFM.0;server=general0100001Y;cloudType=Multitenant;environment=Prod_WestEurope_000l;migrationStage=NotStarted}
{"logTime": "0603/185942", "correlationVector":"e3Val/hzPqt47oYk1oJy3f.0","action":"FeedSettingFetch_homeCloud", "result":"0", "context":{}}
{"logTime": "0603/185942", "correlationVector":"iRb4WklN+aiXa2mZc4YRa9.1","action":"SyncServerConnectionManagerRequest", "result":"SYNC_SERVER_OK", "context":{"environment":"Prod_WestEurope_000l", "migrationStage":"NotStarted", "server":"GENERAL0100000Q"}}
{"logTime": "0603/185942", "correlationVector":"iRb4WklN+aiXa2mZc4YRa9.2","action":"AAD.Mip.Unpack", "result":"Success", "context":MIP_CLOUD_COMMERCIAL:Success}
{"logTime": "0603/185942", "correlationVector":"iRb4WklN+aiXa2mZc4YRa9.3","action":"AAD.GetKeyResponse", "result":"Success", "context":Keys=2.LastKeyStatus=Normal. 2023-06-02 16:25:15 +03.State=None. Tags: Current_encryption_keys_tag = H1/vv73vv73vv73vv71zeu+/vS7vv73pk7MIAu+/vRlp77+9Qnbvv71MGu+/vXfvv73vv71q77+9Qg==, Updated_current_encryption_keys_tag = Empty}
{"logTime": "0603/185942", "correlationVector":"iRb4WklN+aiXa2mZc4YRa9","action":"Initial GetUpdates", "result":"", "context":Reason: NEW_CLIENT. cV=iRb4WklN+aiXa2mZc4YRa9}
{"logTime": "0603/185942", "correlationVector":"iRb4WklN+aiXa2mZc4YRa9.4","action":"GetUpdates Response", "result":"SYNCER_OK", "context":Received 1 update(s). cV=iRb4WklN+aiXa2mZc4YRa9.0;server=GENERAL0100000Q;cloudType=Multitenant;environment=Prod_WestEurope_000l;migrationStage=NotStarted}
{"logTime": "0603/185942", "correlationVector":"WS3Ogapfzg3OiIe2MqVvVB","action":"Initial GetUpdates", "result":"", "context":Reason: NEWLY_SUPPORTED_DATATYPE. cV=WS3Ogapfzg3OiIe2MqVvVB}
{"logTime": "0603/185942", "correlationVector":"WS3Ogapfzg3OiIe2MqVvVB.1","action":"SyncServerConnectionManagerRequest", "result":"SYNC_SERVER_OK", "context":{"environment":"Prod_WestEurope_000l", "migrationStage":"NotStarted", "server":"GENERAL0100000K"}}
{"logTime": "0603/185942", "correlationVector":"WS3Ogapfzg3OiIe2MqVvVB.2","action":"GetUpdates Response", "result":"SYNCER_OK", "context":Received 1 update(s). cV=WS3Ogapfzg3OiIe2MqVvVB.0;server=GENERAL0100000K;cloudType=Multitenant;environment=Prod_WestEurope_000l;migrationStage=NotStarted}
{"logTime": "0603/185942", "correlationVector":"VIeN7fjSdm8O4y8d8O1Rl+","action":"Normal GetUpdate request", "result":"", "context":cV=VIeN7fjSdm8O4y8d8O1Rl+
Nudged types: Sessions, User Consents
Refresh requested types: Bookmarks, Preferences, Passwords, Autofill Profiles, Autofill, Autofill Custom Data, Typed URLs, Extensions, Sessions, Extension settings, History Delete Directives, Device Info, User Consents, Send Tab To Self, Web Apps, Collection, Edge E Drop, Encryption Keys}
{"logTime": "0603/185942", "correlationVector":"VIeN7fjSdm8O4y8d8O1Rl+.1","action":"SyncServerConnectionManagerRequest", "result":"SYNC_SERVER_OK", "context":{"environment":"Prod_WestEurope_x00e", "migrationStage":"NotStarted", "server":"GENERAL0100000T"}}
{"logTime": "0603/185942", "correlationVector":"VIeN7fjSdm8O4y8d8O1Rl+.2","action":"GetUpdates Response", "result":"SYNCER_OK", "context":Received 1 update(s). cV=VIeN7fjSdm8O4y8d8O1Rl+.0;server=GENERAL0100000T;cloudType=Multitenant;environment=Prod_WestEurope_x00e;migrationStage=NotStarted}
{"logTime": "0603/185942", "correlationVector":"egDhCDfYcj9bP6ToS73RPg","action":"Commit Request", "result":"", "context":Item count: 4
Contributing types: Sessions, User Consents}
{"logTime": "0603/185942", "correlationVector":"egDhCDfYcj9bP6ToS73RPg.1","action":"SyncServerConnectionManagerRequest", "result":"SYNC_SERVER_OK", "context":{"environment":"Prod_WestEurope_000l", "migrationStage":"NotStarted", "server":"GENERAL0100001D"}}
{"logTime": "0603/185942", "correlationVector":"egDhCDfYcj9bP6ToS73RPg.2","action":"Commit Response", "result":"SYNCER_OK", "context":Result: SYNCER_OK. cV=egDhCDfYcj9bP6ToS73RPg.0;server=GENERAL0100001D;cloudType=Multitenant;environment=Prod_WestEurope_000l;migrationStage=NotStarted}
{"logTime": "0603/185942", "correlationVector":"egDhCDfYcj9bP6ToS73RPg.3","action":"Commit.Sessions", "result":"Success", "context":{"id":"aafae0ca-8721-437b-9960-4c2fae14caf4", "isDeleted":"true", "size":"0", "version":"1685818460069"}}
{"logTime": "0603/185942", "correlationVector":"PMEVOttPDx9nS6ajjyGmpB","action":"Normal GetUpdate request", "result":"", "context":cV=PMEVOttPDx9nS6ajjyGmpB
Nudged types: Sessions}
{"logTime": "0603/185942", "correlationVector":"PMEVOttPDx9nS6ajjyGmpB.1","action":"SyncServerConnectionManagerRequest", "result":"SYNC_SERVER_OK", "context":{"environment":"Prod_WestEurope_000l", "migrationStage":"NotStarted", "server":"GENERAL01000001"}}
{"logTime": "0603/185942", "correlationVector":"PMEVOttPDx9nS6ajjyGmpB.2","action":"GetUpdates", "result":"DeleteReceived", "context":{"id":"aafae0ca-8721-437b-9960-4c2fae14caf4", "isDeleted:":"true", "version":"1685818725371"}}
{"logTime": "0603/185942", "correlationVector":"PMEVOttPDx9nS6ajjyGmpB.3","action":"GetUpdates Response", "result":"SYNCER_OK", "context":Received 3 update(s). cV=PMEVOttPDx9nS6ajjyGmpB.0;server=GENERAL01000001;cloudType=Multitenant;environment=Prod_WestEurope_000l;migrationStage=NotStarted}
{"logTime": "0603/185942", "correlationVector":"H7/swSCVbfyUHnMqzu1g8L","action":"Commit Request", "result":"", "context":Item count: 1
Contributing types: Sessions}
{"logTime": "0603/185942", "correlationVector":"H7/swSCVbfyUHnMqzu1g8L.1","action":"SyncServerConnectionManagerRequest", "result":"SYNC_SERVER_OK", "context":{"environment":"Prod_WestEurope_000l", "migrationStage":"NotStarted", "server":"general0100001Y"}}
{"logTime": "0603/185942", "correlationVector":"H7/swSCVbfyUHnMqzu1g8L.2","action":"Commit Response", "result":"SYNCER_OK", "context":Result: SYNCER_OK. cV=H7/swSCVbfyUHnMqzu1g8L.0;server=general0100001Y;cloudType=Multitenant;environment=Prod_WestEurope_000l;migrationStage=NotStarted}
{"logTime": "0603/185945", "correlationVector":"YoTIfRxZ42H447jdwoRaDE","action":"Normal GetUpdate request", "result":"", "context":cV=YoTIfRxZ42H447jdwoRaDE
Nudged types: Sessions}
{"logTime": "0603/185945", "correlationVector":"YoTIfRxZ42H447jdwoRaDE.1","action":"SyncServerConnectionManagerRequest", "result":"SYNC_SERVER_OK", "context":{"environment":"Prod_WestEurope_000l", "migrationStage":"NotStarted", "server":"GENERAL0100000F"}}
{"logTime": "0603/185945", "correlationVector":"YoTIfRxZ42H447jdwoRaDE.2","action":"GetUpdates Response", "result":"SYNCER_OK", "context":Received 1 update(s). cV=YoTIfRxZ42H447jdwoRaDE.0;server=GENERAL0100000F;cloudType=Multitenant;environment=Prod_WestEurope_000l;migrationStage=NotStarted}
{"logTime": "0604/063149", "correlationVector":"0P4OPEeuh0Xwb7S12xG5Ai.0","action":"FeedSettingFetch_homeCloud", "result":"0", "context":{}}
{"logTime": "0604/063149", "correlationVector":"U7DjT5iSAcwaZkOkDoGHu7.1","action":"SyncServerConnectionManagerRequest", "result":"SYNC_SERVER_OK", "context":{"environment":"Prod_WestEurope_000l", "migrationStage":"NotStarted", "server":"GENERAL01000018"}}
{"logTime": "0604/063149", "correlationVector":"U7DjT5iSAcwaZkOkDoGHu7.2","action":"AAD.Mip.Unpack", "result":"Success", "context":MIP_CLOUD_COMMERCIAL:Success}
{"logTime": "0604/063149", "correlationVector":"U7DjT5iSAcwaZkOkDoGHu7.3","action":"AAD.GetKeyResponse", "result":"Success", "context":Keys=2.LastKeyStatus=Normal. 2023-06-02 16:25:15 +03.State=None. Tags: Current_encryption_keys_tag = H1/vv73vv73vv73vv71zeu+/vS7vv73pk7MIAu+/vRlp77+9Qnbvv71MGu+/vXfvv73vv71q77+9Qg==, Updated_current_encryption_keys_tag = Empty}
{"logTime": "0604/063149", "correlationVector":"U7DjT5iSAcwaZkOkDoGHu7","action":"Initial GetUpdates", "result":"", "context":Reason: NEW_CLIENT. cV=U7DjT5iSAcwaZkOkDoGHu7}
{"logTime": "0604/063149", "correlationVector":"U7DjT5iSAcwaZkOkDoGHu7.4","action":"GetUpdates Response", "result":"SYNCER_OK", "context":Received 1 update(s). cV=U7DjT5iSAcwaZkOkDoGHu7.0;server=GENERAL01000018;cloudType=Multitenant;environment=Prod_WestEurope_000l;migrationStage=NotStarted}
{"logTime": "0604/063149", "correlationVector":"VfiYna6uvK/shd3z5Ssm6Q","action":"Initial GetUpdates", "result":"", "context":Reason: NEWLY_SUPPORTED_DATATYPE. cV=VfiYna6uvK/shd3z5Ssm6Q}
{"logTime": "0604/063149", "correlationVector":"VfiYna6uvK/shd3z5Ssm6Q.1","action":"SyncServerConnectionManagerRequest", "result":"SYNC_SERVER_OK", "context":{"environment":"Prod_WestEurope_000l", "migrationStage":"NotStarted", "server":"GENERAL0100001Z"}}
{"logTime": "0604/063149", "correlationVector":"VfiYna6uvK/shd3z5Ssm6Q.2","action":"GetUpdates Response", "result":"SYNCER_OK", "context":Received 1 update(s). cV=VfiYna6uvK/shd3z5Ssm6Q.0;server=GENERAL0100001Z;cloudType=Multitenant;environment=Prod_WestEurope_000l;migrationStage=NotStarted}
{"logTime": "0604/063149", "correlationVector":"Txak1BjV+PWpCpRnM8MylR","action":"Normal GetUpdate request", "result":"", "context":cV=Txak1BjV+PWpCpRnM8MylR
Nudged types: Sessions, User Consents
Refresh requested types: Bookmarks, Preferences, Passwords, Autofill Profiles, Autofill, Autofill Custom Data, Typed URLs, Extensions, Sessions, Extension settings, History Delete Directives, Device Info, User Consents, Send Tab To Self, Web Apps, Collection, Edge E Drop, Encryption Keys}
{"logTime": "0604/063149", "correlationVector":"Txak1BjV+PWpCpRnM8MylR.1","action":"SyncServerConnectionManagerRequest", "result":"SYNC_SERVER_OK", "context":{"environment":"Prod_WestEurope_000l", "migrationStage":"NotStarted", "server":"GENERAL01000014"}}
{"logTime": "0604/063149", "correlationVector":"Txak1BjV+PWpCpRnM8MylR.2","action":"GetUpdates Response", "result":"SYNCER_OK", "context":Received 0 update(s). cV=Txak1BjV+PWpCpRnM8MylR.0;server=GENERAL01000014;cloudType=Multitenant;environment=Prod_WestEurope_000l;migrationStage=NotStarted}
{"logTime": "0604/063149", "correlationVector":"nImpsQsPoSKXfNFGsGYA4y","action":"Commit Request", "result":"", "context":Item count: 4
Contributing types: Sessions, User Consents}
{"logTime": "0604/063149", "correlationVector":"nImpsQsPoSKXfNFGsGYA4y.1","action":"SyncServerConnectionManagerRequest", "result":"SYNC_SERVER_OK", "context":{"environment":"Prod_WestEurope_x00e", "migrationStage":"NotStarted", "server":"GENERAL0100001Y"}}
{"logTime": "0604/063149", "correlationVector":"nImpsQsPoSKXfNFGsGYA4y.3","action":"Commit.Sessions", "result":"Success", "context":{"id":"138e3c7a-333d-448d-9fac-2270088d531a", "isDeleted":"true", "size":"0", "version":"1685818755861"}}
{"logTime": "0604/063149", "correlationVector":"nImpsQsPoSKXfNFGsGYA4y.2","action":"Commit Response", "result":"SYNCER_OK", "context":Result: SYNCER_OK. cV=nImpsQsPoSKXfNFGsGYA4y.0;server=GENERAL0100001Y;cloudType=Multitenant;environment=Prod_WestEurope_x00e;migrationStage=NotStarted}
{"logTime": "0604/063216", "correlationVector":"aDZVAF6F/E86Vy8Oj1e+n1","action":"Normal GetUpdate request", "result":"", "context":cV=aDZVAF6F/E86Vy8Oj1e+n1
Nudged types: Sessions}
{"logTime": "0604/063216", "correlationVector":"aDZVAF6F/E86Vy8Oj1e+n1.1","action":"SyncServerConnectionManagerRequest", "result":"SYNC_SERVER_OK", "context":{"environment":"Prod_WestEurope_000l", "migrationStage":"NotStarted", "server":"general0100000X"}}
{"logTime": "0604/063216", "correlationVector":"aDZVAF6F/E86Vy8Oj1e+n1.2","action":"GetUpdates", "result":"DeleteReceived", "context":{"id":"138e3c7a-333d-448d-9fac-2270088d531a", "isDeleted:":"true", "version":"1685860306130"}}
{"logTime": "0604/063216", "correlationVector":"aDZVAF6F/E86Vy8Oj1e+n1.3","action":"GetUpdates Response", "result":"SYNCER_OK", "context":Received 3 update(s). cV=aDZVAF6F/E86Vy8Oj1e+n1.0;server=general0100000X;cloudType=Multitenant;environment=Prod_WestEurope_000l;migrationStage=NotStarted}
{"logTime": "0604/063216", "correlationVector":"efIiqSeR2yw8nBq3pbIr1/","action":"Commit Request", "result":"", "context":Item count: 1
Contributing types: Sessions}
{"logTime": "0604/063216", "correlationVector":"efIiqSeR2yw8nBq3pbIr1/.1","action":"SyncServerConnectionManagerRequest", "result":"SYNC_SERVER_OK", "context":{"environment":"Prod_WestEurope_000l", "migrationStage":"NotStarted", "server":"GENERAL01000025"}}
{"logTime": "0604/063216", "correlationVector":"efIiqSeR2yw8nBq3pbIr1/.2","action":"Commit Response", "result":"SYNCER_OK", "context":Result: SYNCER_OK. cV=efIiqSeR2yw8nBq3pbIr1/.0;server=GENERAL01000025;cloudType=Multitenant;environment=Prod_WestEurope_000l;migrationStage=NotStarted}
{"logTime": "0604/064816", "correlationVector":"iXO5tlotP/edea+i9CUgc1.0","action":"FeedSettingFetch_homeCloud", "result":"0", "context":{}}
{"logTime": "0604/064816", "correlationVector":"7hhnJMWe65pP5uS8Naoqsn.1","action":"SyncServerConnectionManagerRequest", "result":"SYNC_SERVER_OK", "context":{"environment":"Prod_WestEurope_000l", "migrationStage":"NotStarted", "server":"GENERAL01000022"}}
{"logTime": "0604/064816", "correlationVector":"7hhnJMWe65pP5uS8Naoqsn.2","action":"AAD.Mip.Unpack", "result":"Success", "context":MIP_CLOUD_COMMERCIAL:Success}
{"logTime": "0604/064816", "correlationVector":"7hhnJMWe65pP5uS8Naoqsn.3","action":"AAD.GetKeyResponse", "result":"Success", "context":Keys=2.LastKeyStatus=Normal. 2023-06-02 16:25:15 +03.State=None. Tags: Current_encryption_keys_tag = H1/vv73vv73vv73vv71zeu+/vS7vv73pk7MIAu+/vRlp77+9Qnbvv71MGu+/vXfvv73vv71q77+9Qg==, Updated_current_encryption_keys_tag = Empty}
{"logTime": "0604/064816", "correlationVector":"7hhnJMWe65pP5uS8Naoqsn","action":"Initial GetUpdates", "result":"", "context":Reason: NEW_CLIENT. cV=7hhnJMWe65pP5uS8Naoqsn}
{"logTime": "0604/064816", "correlationVector":"7hhnJMWe65pP5uS8Naoqsn.4","action":"GetUpdates Response", "result":"SYNCER_OK", "context":Received 1 update(s). cV=7hhnJMWe65pP5uS8Naoqsn.0;server=GENERAL01000022;cloudType=Multitenant;environment=Prod_WestEurope_000l;migrationStage=NotStarted}
{"logTime": "0604/064816", "correlationVector":"y9ggTBqfkpBajUEbehg8rs","action":"Initial GetUpdates", "result":"", "context":Reason: NEWLY_SUPPORTED_DATATYPE. cV=y9ggTBqfkpBajUEbehg8rs}
{"logTime": "0604/064816", "correlationVector":"y9ggTBqfkpBajUEbehg8rs.1","action":"SyncServerConnectionManagerRequest", "result":"SYNC_SERVER_OK", "context":{"environment":"Prod_WestEurope_000l", "migrationStage":"NotStarted", "server":"GENERAL0100001Z"}}
{"logTime": "0604/064816", "correlationVector":"y9ggTBqfkpBajUEbehg8rs.2","action":"GetUpdates Response", "result":"SYNCER_OK", "context":Received 1 update(s). cV=y9ggTBqfkpBajUEbehg8rs.0;server=GENERAL0100001Z;cloudType=Multitenant;environment=Prod_WestEurope_000l;migrationStage=NotStarted}
{"logTime": "0604/064816", "correlationVector":"82Z3MpvVxFVLasFEkPUd4B","action":"Normal GetUpdate request", "result":"", "context":cV=82Z3MpvVxFVLasFEkPUd4B
Nudged types: Sessions, User Consents
Refresh requested types: Bookmarks, Preferences, Passwords, Autofill Profiles, Autofill, Autofill Custom Data, Typed URLs, Extensions, Sessions, Extension settings, History Delete Directives, Device Info, User Consents, Send Tab To Self, Web Apps, Collection, Edge E Drop, Encryption Keys}
{"logTime": "0604/064816", "correlationVector":"82Z3MpvVxFVLasFEkPUd4B.1","action":"SyncServerConnectionManagerRequest", "result":"SYNC_SERVER_OK", "context":{"environment":"Prod_WestEurope_000l", "migrationStage":"NotStarted", "server":"GENERAL01000013"}}
{"logTime": "0604/064816", "correlationVector":"82Z3MpvVxFVLasFEkPUd4B.2","action":"GetUpdates Response", "result":"SYNCER_OK", "context":Received 1 update(s). cV=82Z3MpvVxFVLasFEkPUd4B.0;server=GENERAL01000013;cloudType=Multitenant;environment=Prod_WestEurope_000l;migrationStage=NotStarted}
{"logTime": "0604/064816", "correlationVector":"RFezh2AuoDcNFGKikbfCPT","action":"Commit Request", "result":"", "context":Item count: 4
Contributing types: Sessions, User Consents}
{"logTime": "0604/064816", "correlationVector":"RFezh2AuoDcNFGKikbfCPT.1","action":"SyncServerConnectionManagerRequest", "result":"SYNC_SERVER_OK", "context":{"environment":"Prod_WestEurope_x00e", "migrationStage":"NotStarted", "server":"GENERAL01000001"}}
{"logTime": "0604/064816", "correlationVector":"RFezh2AuoDcNFGKikbfCPT.3","action":"Commit.Sessions", "result":"Success", "context":{"id":"32b35675-22dc-4845-821f-c42734719bc0", "isDeleted":"true", "size":"0", "version":"1685861137504"}}
{"logTime": "0604/064816", "correlationVector":"RFezh2AuoDcNFGKikbfCPT.2","action":"Commit Response", "result":"SYNCER_OK", "context":Result: SYNCER_OK. cV=RFezh2AuoDcNFGKikbfCPT.0;server=GENERAL01000001;cloudType=Multitenant;environment=Prod_WestEurope_x00e;migrationStage=NotStarted}
{"logTime": "0604/064817", "correlationVector":"sGHSftAHusW6WqjfEiVFKF","action":"Normal GetUpdate request", "result":"", "context":cV=sGHSftAHusW6WqjfEiVFKF
Nudged types: Sessions}
{"logTime": "0604/064817", "correlationVector":"sGHSftAHusW6WqjfEiVFKF.1","action":"SyncServerConnectionManagerRequest", "result":"SYNC_SERVER_OK", "context":{"environment":"Prod_WestEurope_x00e", "migrationStage":"NotStarted", "server":"GENERAL01000022"}}
{"logTime": "0604/064817", "correlationVector":"sGHSftAHusW6WqjfEiVFKF.2","action":"GetUpdates", "result":"DeleteReceived", "context":{"id":"32b35675-22dc-4845-821f-c42734719bc0", "isDeleted:":"true", "version":"1685861267387"}}
{"logTime": "0604/064817", "correlationVector":"sGHSftAHusW6WqjfEiVFKF.3","action":"GetUpdates Response", "result":"SYNCER_OK", "context":Received 3 update(s). cV=sGHSftAHusW6WqjfEiVFKF.0;server=GENERAL01000022;cloudType=Multitenant;environment=Prod_WestEurope_x00e;migrationStage=NotStarted}
{"logTime": "0604/064817", "correlationVector":"2uzGKQu92z0TkTm76HxGmY","action":"Commit Request", "result":"", "context":Item count: 1
Contributing types: Sessions}
{"logTime": "0604/064818", "correlationVector":"2uzGKQu92z0TkTm76HxGmY.1","action":"SyncServerConnectionManagerRequest", "result":"SYNC_SERVER_OK", "context":{"environment":"Prod_WestEurope_000l", "migrationStage":"NotStarted", "server":"GENERAL0100000D"}}
{"logTime": "0604/064818", "correlationVector":"2uzGKQu92z0TkTm76HxGmY.2","action":"Commit Response", "result":"SYNCER_OK", "context":Result: SYNCER_OK. cV=2uzGKQu92z0TkTm76HxGmY.0;server=GENERAL0100000D;cloudType=Multitenant;environment=Prod_WestEurope_000l;migrationStage=NotStarted}
{"logTime": "0604/075042", "correlationVector":"PDNMg5uOPx+M/4vy1p6G9W.0","action":"FeedSettingFetch_homeCloud", "result":"0", "context":{}}
{"logTime": "0604/075042", "correlationVector":"ue2StRBsaZGC8cBT9vysnT.1","action":"SyncServerConnectionManagerRequest", "result":"SYNC_SERVER_OK", "context":{"environment":"Prod_WestEurope_000l", "migrationStage":"NotStarted", "server":"GENERAL0100000I"}}
{"logTime": "0604/075042", "correlationVector":"ue2StRBsaZGC8cBT9vysnT","action":"Initial GetUpdates", "result":"", "context":Reason: NEW_CLIENT. cV=ue2StRBsaZGC8cBT9vysnT}
{"logTime": "0604/075042", "correlationVector":"ue2StRBsaZGC8cBT9vysnT.2","action":"GetUpdates Response", "result":"SYNCER_OK", "context":Received 1 update(s). cV=ue2StRBsaZGC8cBT9vysnT.0;server=GENERAL0100000I;cloudType=Multitenant;environment=Prod_WestEurope_000l;migrationStage=NotStarted}
{"logTime": "0604/075042", "correlationVector":"UbZBChrbXPcw000/HT4wNs","action":"Normal GetUpdate request", "result":"", "context":cV=UbZBChrbXPcw000/HT4wNs
Nudged types: Sessions, User Consents
Refresh requested types: Sessions, History Delete Directives, Device Info, User Consents, Encryption Keys}
{"logTime": "0604/075042", "correlationVector":"UbZBChrbXPcw000/HT4wNs.1","action":"SyncServerConnectionManagerRequest", "result":"SYNC_SERVER_OK", "context":{"environment":"Prod_WestEurope_x00e", "migrationStage":"NotStarted", "server":"GENERAL0100000I"}}
{"logTime": "0604/075042", "correlationVector":"UbZBChrbXPcw000/HT4wNs.2","action":"GetUpdates Response", "result":"SYNCER_OK", "context":Received 1 update(s). cV=UbZBChrbXPcw000/HT4wNs.0;server=GENERAL0100000I;cloudType=Multitenant;environment=Prod_WestEurope_x00e;migrationStage=NotStarted}
{"logTime": "0604/075042", "correlationVector":"tDW/Jh2Rr4VUF/fq1wLcd/","action":"Commit Request", "result":"", "context":Item count: 4
Contributing types: Sessions, User Consents}
{"logTime": "0604/075042", "correlationVector":"tDW/Jh2Rr4VUF/fq1wLcd/.1","action":"SyncServerConnectionManagerRequest", "result":"SYNC_SERVER_OK", "context":{"environment":"Prod_WestEurope_000l", "migrationStage":"NotStarted", "server":"GENERAL01000001"}}
{"logTime": "0604/075042", "correlationVector":"tDW/Jh2Rr4VUF/fq1wLcd/.3","action":"Commit.Sessions", "result":"Success", "context":{"id":"f32b4b14-4c6b-418a-acdc-375451329054", "isDeleted":"true", "size":"0", "version":"1685861298070"}}
{"logTime": "0604/075042", "correlationVector":"tDW/Jh2Rr4VUF/fq1wLcd/.2","action":"Commit Response", "result":"SYNCER_OK", "context":Result: SYNCER_OK. cV=tDW/Jh2Rr4VUF/fq1wLcd/.0;server=GENERAL01000001;cloudType=Multitenant;environment=Prod_WestEurope_000l;migrationStage=NotStarted}
{"logTime": "0604/075042", "correlationVector":"SJkrvK4xdAp2wUEG64s8K+","action":"Normal GetUpdate request", "result":"", "context":cV=SJkrvK4xdAp2wUEG64s8K+
Nudged types: Sessions
Refresh requested types: Encryption Keys}
{"logTime": "0604/075042", "correlationVector":"SJkrvK4xdAp2wUEG64s8K+.1","action":"SyncServerConnectionManagerRequest", "result":"SYNC_SERVER_OK", "context":{"environment":"Prod_WestEurope_000l", "migrationStage":"NotStarted", "server":"GENERAL01000001"}}
{"logTime": "0604/075042", "correlationVector":"SJkrvK4xdAp2wUEG64s8K+.2","action":"AAD.Mip.Unpack", "result":"Success", "context":MIP_CLOUD_COMMERCIAL:Success}
{"logTime": "0604/075042", "correlationVector":"SJkrvK4xdAp2wUEG64s8K+.3","action":"AAD.GetKeyResponse", "result":"Success", "context":Keys=2.LastKeyStatus=Normal. 2023-06-02 16:25:15 +03.State=None. Tags: Current_encryption_keys_tag = H1/vv73vv73vv73vv71zeu+/vS7vv73pk7MIAu+/vRlp77+9Qnbvv71MGu+/vXfvv73vv71q77+9Qg==, Updated_current_encryption_keys_tag = Empty}
{"logTime": "0604/075042", "correlationVector":"SJkrvK4xdAp2wUEG64s8K+.4","action":"GetUpdates", "result":"DeleteReceived", "context":{"id":"f32b4b14-4c6b-418a-acdc-375451329054", "isDeleted:":"true", "version":"1685865034262"}}
{"logTime": "0604/075042", "correlationVector":"SJkrvK4xdAp2wUEG64s8K+.5","action":"GetUpdates Response", "result":"SYNCER_OK", "context":Received 3 update(s). cV=SJkrvK4xdAp2wUEG64s8K+.0;server=GENERAL01000001;cloudType=Multitenant;environment=Prod_WestEurope_000l;migrationStage=NotStarted}
{"logTime": "0604/075042", "correlationVector":"DJmyDJQBB2dlE0NzqiPB+J","action":"Initial GetUpdates", "result":"", "context":Reason: NEWLY_SUPPORTED_DATATYPE. cV=DJmyDJQBB2dlE0NzqiPB+J}
{"logTime": "0604/075042", "correlationVector":"DJmyDJQBB2dlE0NzqiPB+J.1","action":"SyncServerConnectionManagerRequest", "result":"SYNC_SERVER_OK", "context":{"environment":"Prod_WestEurope_x00e", "migrationStage":"NotStarted", "server":"GENERAL01000024"}}
{"logTime": "0604/075042", "correlationVector":"DJmyDJQBB2dlE0NzqiPB+J.2","action":"GetUpdates Response", "result":"SYNCER_OK", "context":Received 1 update(s). cV=DJmyDJQBB2dlE0NzqiPB+J.0;server=GENERAL01000024;cloudType=Multitenant;environment=Prod_WestEurope_x00e;migrationStage=NotStarted}
{"logTime": "0604/075042", "correlationVector":"33jbRrMm6Wrxesrzl2yHDW","action":"Normal GetUpdate request", "result":"", "context":cV=33jbRrMm6Wrxesrzl2yHDW
Refresh requested types: Bookmarks, Preferences, Passwords, Autofill Profiles, Autofill, Autofill Custom Data, Typed URLs, Extensions, Sessions, Extension settings, History Delete Directives, Device Info, User Consents, Send Tab To Self, Web Apps, Collection, Edge E Drop, Encryption Keys}
{"logTime": "0604/075042", "correlationVector":"33jbRrMm6Wrxesrzl2yHDW.1","action":"SyncServerConnectionManagerRequest", "result":"SYNC_SERVER_OK", "context":{"environment":"Prod_WestEurope_000l", "migrationStage":"NotStarted", "server":"GENERAL01000006"}}
{"logTime": "0604/075042", "correlationVector":"33jbRrMm6Wrxesrzl2yHDW.2","action":"GetUpdates Response", "result":"SYNCER_OK", "context":Received 0 update(s). cV=33jbRrMm6Wrxesrzl2yHDW.0;server=GENERAL01000006;cloudType=Multitenant;environment=Prod_WestEurope_000l;migrationStage=NotStarted}
{"logTime": "0604/075107", "correlationVector":"9uG/HqqvkbpV76mjkZ5nXx","action":"Normal GetUpdate request", "result":"", "context":cV=9uG/HqqvkbpV76mjkZ5nXx
Nudged types: Sessions}
{"logTime": "0604/075107", "correlationVector":"9uG/HqqvkbpV76mjkZ5nXx.1","action":"SyncServerConnectionManagerRequest", "result":"SYNC_SERVER_OK", "context":{"environment":"Prod_WestEurope_000l", "migrationStage":"NotStarted", "server":"GENERAL01000002"}}
{"logTime": "0604/075107", "correlationVector":"9uG/HqqvkbpV76mjkZ5nXx.2","action":"GetUpdates Response", "result":"SYNCER_OK", "context":Received 0 update(s). cV=9uG/HqqvkbpV76mjkZ5nXx.0;server=GENERAL01000002;cloudType=Multitenant;environment=Prod_WestEurope_000l;migrationStage=NotStarted}
{"logTime": "0604/075107", "correlationVector":"6IdrOzFNjA1P9EwNcuP3fm","action":"Commit Request", "result":"", "context":Item count: 1
Contributing types: Sessions}
{"logTime": "0604/075107", "correlationVector":"6IdrOzFNjA1P9EwNcuP3fm.1","action":"SyncServerConnectionManagerRequest", "result":"SYNC_SERVER_OK", "context":{"environment":"Prod_WestEurope_000l", "migrationStage":"NotStarted", "server":"GENERAL01000009"}}
{"logTime": "0604/075107", "correlationVector":"6IdrOzFNjA1P9EwNcuP3fm.2","action":"Commit Response", "result":"SYNCER_OK", "context":Result: SYNCER_OK. cV=6IdrOzFNjA1P9EwNcuP3fm.0;server=GENERAL01000009;cloudType=Multitenant;environment=Prod_WestEurope_000l;migrationStage=NotStarted}
{"logTime": "0604/075334", "correlationVector":"EVYbi3pY2X7Rt5Iv5iAWus","action":"Poll GetUpdate request", "result":"", "context":cV=EVYbi3pY2X7Rt5Iv5iAWus}
{"logTime": "0604/075335", "correlationVector":"EVYbi3pY2X7Rt5Iv5iAWus.1","action":"SyncServerConnectionManagerRequest", "result":"SYNC_SERVER_OK", "context":{"environment":"Prod_WestEurope_000l", "migrationStage":"NotStarted", "server":"GENERAL0100000I"}}
{"logTime": "0604/075335", "correlationVector":"EVYbi3pY2X7Rt5Iv5iAWus.2","action":"GetUpdates Response", "result":"SYNCER_OK", "context":Received 1 update(s). cV=EVYbi3pY2X7Rt5Iv5iAWus.0;server=GENERAL0100000I;cloudType=Multitenant;environment=Prod_WestEurope_000l;migrationStage=NotStarted}
{"logTime": "0604/090855", "correlationVector":"nlDYin98fMr7PlqLP0zeJK.0","action":"FeedSettingFetch_homeCloud", "result":"0", "context":{}}
{"logTime": "0604/090855", "correlationVector":"Z4aN/cF1xye04ziZUeZ7Vh.1","action":"SyncServerConnectionManagerRequest", "result":"SYNC_SERVER_OK", "context":{"environment":"Prod_WestEurope_x00e", "migrationStage":"NotStarted", "server":"GENERAL01000005"}}
{"logTime": "0604/090855", "correlationVector":"Z4aN/cF1xye04ziZUeZ7Vh.2","action":"AAD.Mip.Unpack", "result":"Success", "context":MIP_CLOUD_COMMERCIAL:Success}
{"logTime": "0604/090855", "correlationVector":"Z4aN/cF1xye04ziZUeZ7Vh.3","action":"AAD.GetKeyResponse", "result":"Success", "context":Keys=2.LastKeyStatus=Normal. 2023-06-02 16:25:15 +03.State=None. Tags: Current_encryption_keys_tag = H1/vv73vv73vv73vv71zeu+/vS7vv73pk7MIAu+/vRlp77+9Qnbvv71MGu+/vXfvv73vv71q77+9Qg==, Updated_current_encryption_keys_tag = Empty}
{"logTime": "0604/090855", "correlationVector":"Z4aN/cF1xye04ziZUeZ7Vh","action":"Initial GetUpdates", "result":"", "context":Reason: NEW_CLIENT. cV=Z4aN/cF1xye04ziZUeZ7Vh}
{"logTime": "0604/090855", "correlationVector":"Z4aN/cF1xye04ziZUeZ7Vh.4","action":"GetUpdates Response", "result":"SYNCER_OK", "context":Received 1 update(s). cV=Z4aN/cF1xye04ziZUeZ7Vh.0;server=GENERAL01000005;cloudType=Multitenant;environment=Prod_WestEurope_x00e;migrationStage=NotStarted}
{"logTime": "0604/090855", "correlationVector":"F3jmqT2W9m2S6XlOnhQA7d","action":"Initial GetUpdates", "result":"", "context":Reason: NEWLY_SUPPORTED_DATATYPE. cV=F3jmqT2W9m2S6XlOnhQA7d}
{"logTime": "0604/090855", "correlationVector":"F3jmqT2W9m2S6XlOnhQA7d.1","action":"SyncServerConnectionManagerRequest", "result":"SYNC_SERVER_OK", "context":{"environment":"Prod_WestEurope_000l", "migrationStage":"NotStarted", "server":"GENERAL01000014"}}
{"logTime": "0604/090855", "correlationVector":"F3jmqT2W9m2S6XlOnhQA7d.2","action":"GetUpdates Response", "result":"SYNCER_OK", "context":Received 1 update(s). cV=F3jmqT2W9m2S6XlOnhQA7d.0;server=GENERAL01000014;cloudType=Multitenant;environment=Prod_WestEurope_000l;migrationStage=NotStarted}
{"logTime": "0604/090855", "correlationVector":"Jr7E9ANhYvReDICbxTkjWh","action":"Normal GetUpdate request", "result":"", "context":cV=Jr7E9ANhYvReDICbxTkjWh
Nudged types: Sessions, User Consents
Refresh requested types: Bookmarks, Preferences, Passwords, Autofill Profiles, Autofill, Autofill Custom Data, Typed URLs, Extensions, Sessions, Extension settings, History Delete Directives, Device Info, User Consents, Send Tab To Self, Web Apps, Collection, Edge E Drop, Encryption Keys}
{"logTime": "0604/090855", "correlationVector":"Jr7E9ANhYvReDICbxTkjWh.1","action":"SyncServerConnectionManagerRequest", "result":"SYNC_SERVER_OK", "context":{"environment":"Prod_WestEurope_x00e", "migrationStage":"NotStarted", "server":"GENERAL0100001H"}}
{"logTime": "0604/090855", "correlationVector":"Jr7E9ANhYvReDICbxTkjWh.2","action":"GetUpdates Response", "result":"SYNCER_OK", "context":Received 0 update(s). cV=Jr7E9ANhYvReDICbxTkjWh.0;server=GENERAL0100001H;cloudType=Multitenant;environment=Prod_WestEurope_x00e;migrationStage=NotStarted}
{"logTime": "0604/090855", "correlationVector":"v/Vvf4U3k4K8wwJInTsLxI","action":"Commit Request", "result":"", "context":Item count: 4
Contributing types: Sessions, User Consents}
{"logTime": "0604/090855", "correlationVector":"v/Vvf4U3k4K8wwJInTsLxI.1","action":"SyncServerConnectionManagerRequest", "result":"SYNC_SERVER_OK", "context":{"environment":"Prod_WestEurope_x00e", "migrationStage":"NotStarted", "server":"GENERAL0100001U"}}
{"logTime": "0604/090855", "correlationVector":"v/Vvf4U3k4K8wwJInTsLxI.3","action":"Commit.Sessions", "result":"Success", "context":{"id":"dc789c92-a612-431f-bef3-fa052b21ef4a", "isDeleted":"true", "size":"0", "version":"1685865067615"}}
{"logTime": "0604/090855", "correlationVector":"v/Vvf4U3k4K8wwJInTsLxI.2","action":"Commit Response", "result":"SYNCER_OK", "context":Result: SYNCER_OK. cV=v/Vvf4U3k4K8wwJInTsLxI.0;server=GENERAL0100001U;cloudType=Multitenant;environment=Prod_WestEurope_x00e;migrationStage=NotStarted}
{"logTime": "0604/090922", "correlationVector":"V6bM0ArAYqoFZZ5i+XGc5B","action":"Normal GetUpdate request", "result":"", "context":cV=V6bM0ArAYqoFZZ5i+XGc5B
Nudged types: Sessions}
{"logTime": "0604/090922", "correlationVector":"V6bM0ArAYqoFZZ5i+XGc5B.1","action":"SyncServerConnectionManagerRequest", "result":"SYNC_SERVER_OK", "context":{"environment":"Prod_WestEurope_x00e", "migrationStage":"NotStarted", "server":"GENERAL01000024"}}
{"logTime": "0604/090922", "correlationVector":"V6bM0ArAYqoFZZ5i+XGc5B.2","action":"GetUpdates", "result":"DeleteReceived", "context":{"id":"dc789c92-a612-431f-bef3-fa052b21ef4a", "isDeleted:":"true", "version":"1685869732369"}}
{"logTime": "0604/090922", "correlationVector":"V6bM0ArAYqoFZZ5i+XGc5B.3","action":"GetUpdates Response", "result":"SYNCER_OK", "context":Received 3 update(s). cV=V6bM0ArAYqoFZZ5i+XGc5B.0;server=GENERAL01000024;cloudType=Multitenant;environment=Prod_WestEurope_x00e;migrationStage=NotStarted}
{"logTime": "0604/090922", "correlationVector":"nIMFAsfqYE8j7rQw7qcsOI","action":"Commit Request", "result":"", "context":Item count: 1
Contributing types: Sessions}
{"logTime": "0604/090922", "correlationVector":"nIMFAsfqYE8j7rQw7qcsOI.1","action":"SyncServerConnectionManagerRequest", "result":"SYNC_SERVER_OK", "context":{"environment":"Prod_WestEurope_x00e", "migrationStage":"NotStarted", "server":"GENERAL0100000X"}}
{"logTime": "0604/090922", "correlationVector":"nIMFAsfqYE8j7rQw7qcsOI.2","action":"Commit Response", "result":"SYNCER_OK", "context":Result: SYNCER_OK. cV=nIMFAsfqYE8j7rQw7qcsOI.0;server=GENERAL0100000X;cloudType=Multitenant;environment=Prod_WestEurope_x00e;migrationStage=NotStarted}
{"logTime": "0604/092019", "correlationVector":"R/+p3j2XlO/eI6WxVPEgyK.0","action":"FeedSettingFetch_homeCloud", "result":"0", "context":{}}
{"logTime": "0604/092019", "correlationVector":"4FLtz5GpWmWxHY9PxH47L6.1","action":"SyncServerConnectionManagerRequest", "result":"SYNC_SERVER_OK", "context":{"environment":"Prod_WestEurope_000l", "migrationStage":"NotStarted", "server":"GENERAL0100000F"}}
{"logTime": "0604/092019", "correlationVector":"4FLtz5GpWmWxHY9PxH47L6.2","action":"AAD.Mip.Unpack", "result":"Success", "context":MIP_CLOUD_COMMERCIAL:Success}
{"logTime": "0604/092019", "correlationVector":"4FLtz5GpWmWxHY9PxH47L6.3","action":"AAD.GetKeyResponse", "result":"Success", "context":Keys=2.LastKeyStatus=Normal. 2023-06-02 16:25:15 +03.State=None. Tags: Current_encryption_keys_tag = H1/vv73vv73vv73vv71zeu+/vS7vv73pk7MIAu+/vRlp77+9Qnbvv71MGu+/vXfvv73vv71q77+9Qg==, Updated_current_encryption_keys_tag = Empty}
{"logTime": "0604/092019", "correlationVector":"4FLtz5GpWmWxHY9PxH47L6","action":"Initial GetUpdates", "result":"", "context":Reason: NEW_CLIENT. cV=4FLtz5GpWmWxHY9PxH47L6}
{"logTime": "0604/092019", "correlationVector":"4FLtz5GpWmWxHY9PxH47L6.4","action":"GetUpdates Response", "result":"SYNCER_OK", "context":Received 1 update(s). cV=4FLtz5GpWmWxHY9PxH47L6.0;server=GENERAL0100000F;cloudType=Multitenant;environment=Prod_WestEurope_000l;migrationStage=NotStarted}
{"logTime": "0604/092019", "correlationVector":"/VOZxSop2o7vJ9kXcR9oEW","action":"Initial GetUpdates", "result":"", "context":Reason: NEWLY_SUPPORTED_DATATYPE. cV=/VOZxSop2o7vJ9kXcR9oEW}
{"logTime": "0604/092019", "correlationVector":"/VOZxSop2o7vJ9kXcR9oEW.1","action":"SyncServerConnectionManagerRequest", "result":"SYNC_SERVER_OK", "context":{"environment":"Prod_WestEurope_000l", "migrationStage":"NotStarted", "server":"GENERAL0100000G"}}
{"logTime": "0604/092019", "correlationVector":"/VOZxSop2o7vJ9kXcR9oEW.2","action":"GetUpdates Response", "result":"SYNCER_OK", "context":Received 1 update(s). cV=/VOZxSop2o7vJ9kXcR9oEW.0;server=GENERAL0100000G;cloudType=Multitenant;environment=Prod_WestEurope_000l;migrationStage=NotStarted}
{"logTime": "0604/092019", "correlationVector":"3b5/kef9dz02eeABY646Uw","action":"Normal GetUpdate request", "result":"", "context":cV=3b5/kef9dz02eeABY646Uw
Nudged types: Sessions, User Consents
Refresh requested types: Bookmarks, Preferences, Passwords, Autofill Profiles, Autofill, Autofill Custom Data, Typed URLs, Extensions, Sessions, Extension settings, History Delete Directives, Device Info, User Consents, Send Tab To Self, Web Apps, Collection, Edge E Drop, Encryption Keys}
{"logTime": "0604/092019", "correlationVector":"3b5/kef9dz02eeABY646Uw.1","action":"SyncServerConnectionManagerRequest", "result":"SYNC_SERVER_OK", "context":{"environment":"Prod_WestEurope_x00e", "migrationStage":"NotStarted", "server":"GENERAL01000002"}}
{"logTime": "0604/092019", "correlationVector":"3b5/kef9dz02eeABY646Uw.2","action":"GetUpdates Response", "result":"SYNCER_OK", "context":Received 1 update(s). cV=3b5/kef9dz02eeABY646Uw.0;server=GENERAL01000002;cloudType=Multitenant;environment=Prod_WestEurope_x00e;migrationStage=NotStarted}
{"logTime": "0604/092019", "correlationVector":"Xbe2gph+b5BkswfSVn8S6W","action":"Commit Request", "result":"", "context":Item count: 4
Contributing types: Sessions, User Consents}
{"logTime": "0604/092019", "correlationVector":"Xbe2gph+b5BkswfSVn8S6W.1","action":"SyncServerConnectionManagerRequest", "result":"SYNC_SERVER_OK", "context":{"environment":"Prod_WestEurope_x00e", "migrationStage":"NotStarted", "server":"GENERAL0100000O"}}
{"logTime": "0604/092019", "correlationVector":"Xbe2gph+b5BkswfSVn8S6W.3","action":"Commit.Sessions", "result":"Success", "context":{"id":"fe446bc1-9ad2-4822-85cb-09c4040874f3", "isDeleted":"true", "size":"0", "version":"1685869762880"}}
{"logTime": "0604/092019", "correlationVector":"Xbe2gph+b5BkswfSVn8S6W.2","action":"Commit Response", "result":"SYNCER_OK", "context":Result: SYNCER_OK. cV=Xbe2gph+b5BkswfSVn8S6W.0;server=GENERAL0100000O;cloudType=Multitenant;environment=Prod_WestEurope_x00e;migrationStage=NotStarted}
{"logTime": "0604/092045", "correlationVector":"0JaP7OvNLB0iClYvICoycZ","action":"Normal GetUpdate request", "result":"", "context":cV=0JaP7OvNLB0iClYvICoycZ
Nudged types: Sessions}
{"logTime": "0604/092046", "correlationVector":"0JaP7OvNLB0iClYvICoycZ.1","action":"SyncServerConnectionManagerRequest", "result":"SYNC_SERVER_OK", "context":{"environment":"Prod_WestEurope_x00e", "migrationStage":"NotStarted", "server":"GENERAL0100000C"}}
{"logTime": "0604/092046", "correlationVector":"0JaP7OvNLB0iClYvICoycZ.2","action":"GetUpdates", "result":"DeleteReceived", "context":{"id":"fe446bc1-9ad2-4822-85cb-09c4040874f3", "isDeleted:":"true", "version":"1685870415647"}}
{"logTime": "0604/092046", "correlationVector":"0JaP7OvNLB0iClYvICoycZ.3","action":"GetUpdates Response", "result":"SYNCER_OK", "context":Received 3 update(s). cV=0JaP7OvNLB0iClYvICoycZ.0;server=GENERAL0100000C;cloudType=Multitenant;environment=Prod_WestEurope_x00e;migrationStage=NotStarted}
{"logTime": "0604/092046", "correlationVector":"Obt6cCNg6beHiEhynxfGqK","action":"Commit Request", "result":"", "context":Item count: 1
Contributing types: Sessions}
{"logTime": "0604/092046", "correlationVector":"Obt6cCNg6beHiEhynxfGqK.1","action":"SyncServerConnectionManagerRequest", "result":"SYNC_SERVER_OK", "context":{"environment":"Prod_WestEurope_x00e", "migrationStage":"NotStarted", "server":"GENERAL01000005"}}
{"logTime": "0604/092046", "correlationVector":"Obt6cCNg6beHiEhynxfGqK.2","action":"Commit Response", "result":"SYNCER_OK", "context":Result: SYNCER_OK. cV=Obt6cCNg6beHiEhynxfGqK.0;server=GENERAL01000005;cloudType=Multitenant;environment=Prod_WestEurope_x00e;migrationStage=NotStarted}
{"logTime": "0604/161359", "correlationVector":"N5zfsFtzp8z3gFoV4vVLUC.0","action":"FeedSettingFetch_homeCloud", "result":"0", "context":{}}
{"logTime": "0604/161359", "correlationVector":"NG0/FYb5dh2osBW3H3OpVi.1","action":"SyncServerConnectionManagerRequest", "result":"SYNC_SERVER_OK", "context":{"environment":"Prod_WestEurope_x00e", "migrationStage":"NotStarted", "server":"GENERAL0100001K"}}
{"logTime": "0604/161359", "correlationVector":"NG0/FYb5dh2osBW3H3OpVi.2","action":"AAD.Mip.Unpack", "result":"Success", "context":MIP_CLOUD_COMMERCIAL:Success}
{"logTime": "0604/161359", "correlationVector":"NG0/FYb5dh2osBW3H3OpVi.3","action":"AAD.GetKeyResponse", "result":"Success", "context":Keys=2.LastKeyStatus=Normal. 2023-06-02 16:25:15 +03.State=None. Tags: Current_encryption_keys_tag = H1/vv73vv73vv73vv71zeu+/vS7vv73pk7MIAu+/vRlp77+9Qnbvv71MGu+/vXfvv73vv71q77+9Qg==, Updated_current_encryption_keys_tag = Empty}
{"logTime": "0604/161359", "correlationVector":"NG0/FYb5dh2osBW3H3OpVi","action":"Initial GetUpdates", "result":"", "context":Reason: NEW_CLIENT. cV=NG0/FYb5dh2osBW3H3OpVi}
{"logTime": "0604/161359", "correlationVector":"NG0/FYb5dh2osBW3H3OpVi.4","action":"GetUpdates Response", "result":"SYNCER_OK", "context":Received 1 update(s). cV=NG0/FYb5dh2osBW3H3OpVi.0;server=GENERAL0100001K;cloudType=Multitenant;environment=Prod_WestEurope_x00e;migrationStage=NotStarted}
{"logTime": "0604/161359", "correlationVector":"s+T25tRrxSrx2MfHsO0tQg","action":"Initial GetUpdates", "result":"", "context":Reason: NEWLY_SUPPORTED_DATATYPE. cV=s+T25tRrxSrx2MfHsO0tQg}
{"logTime": "0604/161359", "correlationVector":"s+T25tRrxSrx2MfHsO0tQg.1","action":"SyncServerConnectionManagerRequest", "result":"SYNC_SERVER_OK", "context":{"environment":"Prod_WestEurope_000l", "migrationStage":"NotStarted", "server":"GENERAL0100001D"}}
{"logTime": "0604/161359", "correlationVector":"s+T25tRrxSrx2MfHsO0tQg.2","action":"GetUpdates Response", "result":"SYNCER_OK", "context":Received 1 update(s). cV=s+T25tRrxSrx2MfHsO0tQg.0;server=GENERAL0100001D;cloudType=Multitenant;environment=Prod_WestEurope_000l;migrationStage=NotStarted}
{"logTime": "0604/161359", "correlationVector":"k/iR23L35R5QRG0WHYfbBh","action":"Normal GetUpdate request", "result":"", "context":cV=k/iR23L35R5QRG0WHYfbBh
Nudged types: Sessions, User Consents
Refresh requested types: Bookmarks, Preferences, Passwords, Autofill Profiles, Autofill, Autofill Custom Data, Typed URLs, Extensions, Sessions, Extension settings, History Delete Directives, Device Info, User Consents, Send Tab To Self, Web Apps, Collection, Edge E Drop, Encryption Keys}
{"logTime": "0604/161359", "correlationVector":"k/iR23L35R5QRG0WHYfbBh.1","action":"SyncServerConnectionManagerRequest", "result":"SYNC_SERVER_OK", "context":{"environment":"Prod_WestEurope_x00e", "migrationStage":"NotStarted", "server":"GENERAL0100002G"}}
{"logTime": "0604/161359", "correlationVector":"k/iR23L35R5QRG0WHYfbBh.2","action":"GetUpdates Response", "result":"SYNCER_OK", "context":Received 1 update(s). cV=k/iR23L35R5QRG0WHYfbBh.0;server=GENERAL0100002G;cloudType=Multitenant;environment=Prod_WestEurope_x00e;migrationStage=NotStarted}
{"logTime": "0604/161359", "correlationVector":"agoK4jSKTc3WQ2zPynIIgl","action":"Commit Request", "result":"", "context":Item count: 4
Contributing types: Sessions, User Consents}
{"logTime": "0604/161359", "correlationVector":"agoK4jSKTc3WQ2zPynIIgl.1","action":"SyncServerConnectionManagerRequest", "result":"SYNC_SERVER_OK", "context":{"environment":"Prod_WestEurope_x00e", "migrationStage":"NotStarted", "server":"GENERAL0100000K"}}
{"logTime": "0604/161359", "correlationVector":"agoK4jSKTc3WQ2zPynIIgl.3","action":"Commit.Sessions", "result":"Success", "context":{"id":"9a8f4448-6f80-4da1-8a81-54998d0ed60c", "isDeleted":"true", "size":"0", "version":"1685870446176"}}
{"logTime": "0604/161359", "correlationVector":"agoK4jSKTc3WQ2zPynIIgl.2","action":"Commit Response", "result":"SYNCER_OK", "context":Result: SYNCER_OK. cV=agoK4jSKTc3WQ2zPynIIgl.0;server=GENERAL0100000K;cloudType=Multitenant;environment=Prod_WestEurope_x00e;migrationStage=NotStarted}
{"logTime": "0604/161400", "correlationVector":"/QAvSx7J5Y/SaIKzU7AagQ","action":"Normal GetUpdate request", "result":"", "context":cV=/QAvSx7J5Y/SaIKzU7AagQ
Nudged types: Sessions}
{"logTime": "0604/161400", "correlationVector":"/QAvSx7J5Y/SaIKzU7AagQ.1","action":"SyncServerConnectionManagerRequest", "result":"SYNC_SERVER_OK", "context":{"environment":"Prod_WestEurope_x00e", "migrationStage":"NotStarted", "server":"GENERAL0100001H"}}
{"logTime": "0604/161400", "correlationVector":"/QAvSx7J5Y/SaIKzU7AagQ.2","action":"GetUpdates", "result":"DeleteReceived", "context":{"id":"9a8f4448-6f80-4da1-8a81-54998d0ed60c", "isDeleted:":"true", "version":"1685895182909"}}
{"logTime": "0604/161400", "correlationVector":"/QAvSx7J5Y/SaIKzU7AagQ.3","action":"GetUpdates Response", "result":"SYNCER_OK", "context":Received 3 update(s). cV=/QAvSx7J5Y/SaIKzU7AagQ.0;server=GENERAL0100001H;cloudType=Multitenant;environment=Prod_WestEurope_x00e;migrationStage=NotStarted}
{"logTime": "0604/161400", "correlationVector":"WXZoI8mFnH0WrAALCEmiAW","action":"Commit Request", "result":"", "context":Item count: 1
Contributing types: Sessions}
{"logTime": "0604/161400", "correlationVector":"WXZoI8mFnH0WrAALCEmiAW.1","action":"SyncServerConnectionManagerRequest", "result":"SYNC_SERVER_OK", "context":{"environment":"Prod_WestEurope_000l", "migrationStage":"NotStarted", "server":"GENERAL0100000R"}}
{"logTime": "0604/161400", "correlationVector":"WXZoI8mFnH0WrAALCEmiAW.2","action":"Commit Response", "result":"SYNCER_OK", "context":Result: SYNCER_OK. cV=WXZoI8mFnH0WrAALCEmiAW.0;server=GENERAL0100000R;cloudType=Multitenant;environment=Prod_WestEurope_000l;migrationStage=NotStarted}
{"logTime": "0604/161403", "correlationVector":"0F5A7wzv4DGV/JvxpHfgpW","action":"Normal GetUpdate request", "result":"", "context":cV=0F5A7wzv4DGV/JvxpHfgpW
Nudged types: Sessions}
{"logTime": "0604/161403", "correlationVector":"0F5A7wzv4DGV/JvxpHfgpW.1","action":"SyncServerConnectionManagerRequest", "result":"SYNC_SERVER_OK", "context":{"environment":"Prod_WestEurope_x00e", "migrationStage":"NotStarted", "server":"GENERAL01000021"}}
{"logTime": "0604/161403", "correlationVector":"0F5A7wzv4DGV/JvxpHfgpW.2","action":"GetUpdates Response", "result":"SYNCER_OK", "context":Received 1 update(s). cV=0F5A7wzv4DGV/JvxpHfgpW.0;server=GENERAL01000021;cloudType=Multitenant;environment=Prod_WestEurope_x00e;migrationStage=NotStarted}
{"logTime": "0604/161503", "correlationVector":"ls5hNgRempa/v6i0f/Sl9s","action":"Poll GetUpdate request", "result":"", "context":cV=ls5hNgRempa/v6i0f/Sl9s}
{"logTime": "0604/161503", "correlationVector":"ls5hNgRempa/v6i0f/Sl9s.1","action":"SyncServerConnectionManagerRequest", "result":"SYNC_SERVER_OK", "context":{"environment":"Prod_WestEurope_x00e", "migrationStage":"NotStarted", "server":"GENERAL0100000W"}}
{"logTime": "0604/161503", "correlationVector":"ls5hNgRempa/v6i0f/Sl9s.2","action":"GetUpdates Response", "result":"SYNCER_OK", "context":Received 0 update(s). cV=ls5hNgRempa/v6i0f/Sl9s.0;server=GENERAL0100000W;cloudType=Multitenant;environment=Prod_WestEurope_x00e;migrationStage=NotStarted}
{"logTime": "0604/163316", "correlationVector":"MBUwPtji+2Mg1IcoGhgCGt.0","action":"FeedSettingFetch_homeCloud", "result":"0", "context":{}}
{"logTime": "0604/163316", "correlationVector":"Gw2SxTpa7oLCGRdisWLDQ4.1","action":"SyncServerConnectionManagerRequest", "result":"SYNC_SERVER_OK", "context":{"environment":"Prod_WestEurope_x00e", "migrationStage":"NotStarted", "server":"GENERAL0100001T"}}
{"logTime": "0604/163316", "correlationVector":"Gw2SxTpa7oLCGRdisWLDQ4.2","action":"AAD.Mip.Unpack", "result":"Success", "context":MIP_CLOUD_COMMERCIAL:Success}
{"logTime": "0604/163316", "correlationVector":"Gw2SxTpa7oLCGRdisWLDQ4.3","action":"AAD.GetKeyResponse", "result":"Success", "context":Keys=2.LastKeyStatus=Normal. 2023-06-02 16:25:15 +03.State=None. Tags: Current_encryption_keys_tag = H1/vv73vv73vv73vv71zeu+/vS7vv73pk7MIAu+/vRlp77+9Qnbvv71MGu+/vXfvv73vv71q77+9Qg==, Updated_current_encryption_keys_tag = Empty}
{"logTime": "0604/163316", "correlationVector":"Gw2SxTpa7oLCGRdisWLDQ4","action":"Initial GetUpdates", "result":"", "context":Reason: NEW_CLIENT. cV=Gw2SxTpa7oLCGRdisWLDQ4}
{"logTime": "0604/163316", "correlationVector":"Gw2SxTpa7oLCGRdisWLDQ4.4","action":"GetUpdates Response", "result":"SYNCER_OK", "context":Received 1 update(s). cV=Gw2SxTpa7oLCGRdisWLDQ4.0;server=GENERAL0100001T;cloudType=Multitenant;environment=Prod_WestEurope_x00e;migrationStage=NotStarted}
{"logTime": "0604/163316", "correlationVector":"FtU6ezl3GtyevTNmbGrZ4j","action":"Initial GetUpdates", "result":"", "context":Reason: NEWLY_SUPPORTED_DATATYPE. cV=FtU6ezl3GtyevTNmbGrZ4j}
{"logTime": "0604/163316", "correlationVector":"FtU6ezl3GtyevTNmbGrZ4j.1","action":"SyncServerConnectionManagerRequest", "result":"SYNC_SERVER_OK", "context":{"environment":"Prod_WestEurope_x00e", "migrationStage":"NotStarted", "server":"GENERAL0100001F"}}
{"logTime": "0604/163316", "correlationVector":"FtU6ezl3GtyevTNmbGrZ4j.2","action":"GetUpdates Response", "result":"SYNCER_OK", "context":Received 1 update(s). cV=FtU6ezl3GtyevTNmbGrZ4j.0;server=GENERAL0100001F;cloudType=Multitenant;environment=Prod_WestEurope_x00e;migrationStage=NotStarted}
{"logTime": "0604/163316", "correlationVector":"wmA91VdqcOcoHc/R4zkRtn","action":"Normal GetUpdate request", "result":"", "context":cV=wmA91VdqcOcoHc/R4zkRtn
Nudged types: Sessions, User Consents
Refresh requested types: Bookmarks, Preferences, Passwords, Autofill Profiles, Autofill, Autofill Custom Data, Typed URLs, Extensions, Sessions, Extension settings, History Delete Directives, Device Info, User Consents, Send Tab To Self, Web Apps, Collection, Edge E Drop, Encryption Keys}
{"logTime": "0604/163316", "correlationVector":"wmA91VdqcOcoHc/R4zkRtn.1","action":"SyncServerConnectionManagerRequest", "result":"SYNC_SERVER_OK", "context":{"environment":"Prod_WestEurope_x00e", "migrationStage":"NotStarted", "server":"GENERAL0100002A"}}
{"logTime": "0604/163316", "correlationVector":"wmA91VdqcOcoHc/R4zkRtn.2","action":"GetUpdates Response", "result":"SYNCER_OK", "context":Received 0 update(s). cV=wmA91VdqcOcoHc/R4zkRtn.0;server=GENERAL0100002A;cloudType=Multitenant;environment=Prod_WestEurope_x00e;migrationStage=NotStarted}
{"logTime": "0604/163316", "correlationVector":"LlEyHyYnqo6LzetjQhUmJQ","action":"Commit Request", "result":"", "context":Item count: 4
Contributing types: Sessions, User Consents}
{"logTime": "0604/163316", "correlationVector":"LlEyHyYnqo6LzetjQhUmJQ.1","action":"SyncServerConnectionManagerRequest", "result":"SYNC_SERVER_OK", "context":{"environment":"Prod_WestEurope_x00e", "migrationStage":"NotStarted", "server":"GENERAL0100002C"}}
{"logTime": "0604/163316", "correlationVector":"LlEyHyYnqo6LzetjQhUmJQ.3","action":"Commit.Sessions", "result":"Success", "context":{"id":"56556052-19e3-41d2-a7f8-4f6f21a2dbe5", "isDeleted":"true", "size":"0", "version":"1685895213500"}}
{"logTime": "0604/163316", "correlationVector":"LlEyHyYnqo6LzetjQhUmJQ.2","action":"Commit Response", "result":"SYNCER_OK", "context":Result: SYNCER_OK. cV=LlEyHyYnqo6LzetjQhUmJQ.0;server=GENERAL0100002C;cloudType=Multitenant;environment=Prod_WestEurope_x00e;migrationStage=NotStarted}
{"logTime": "0604/163316", "correlationVector":"kLYZONrXIgC4roMtTjYVZB","action":"Normal GetUpdate request", "result":"", "context":cV=kLYZONrXIgC4roMtTjYVZB
Nudged types: Sessions}
{"logTime": "0604/163316", "correlationVector":"kLYZONrXIgC4roMtTjYVZB.1","action":"SyncServerConnectionManagerRequest", "result":"SYNC_SERVER_OK", "context":{"environment":"Prod_WestEurope_x00e", "migrationStage":"NotStarted", "server":"GENERAL0100000X"}}
{"logTime": "0604/163316", "correlationVector":"kLYZONrXIgC4roMtTjYVZB.2","action":"GetUpdates", "result":"DeleteReceived", "context":{"id":"56556052-19e3-41d2-a7f8-4f6f21a2dbe5", "isDeleted:":"true", "version":"1685896339165"}}
{"logTime": "0604/163316", "correlationVector":"kLYZONrXIgC4roMtTjYVZB.3","action":"GetUpdates Response", "result":"SYNCER_OK", "context":Received 3 update(s). cV=kLYZONrXIgC4roMtTjYVZB.0;server=GENERAL0100000X;cloudType=Multitenant;environment=Prod_WestEurope_x00e;migrationStage=NotStarted}
{"logTime": "0604/163316", "correlationVector":"1BkH5OVQReGoKj/+GGnGNw","action":"Commit Request", "result":"", "context":Item count: 1
Contributing types: Sessions}
{"logTime": "0604/163316", "correlationVector":"1BkH5OVQReGoKj/+GGnGNw.1","action":"SyncServerConnectionManagerRequest", "result":"SYNC_SERVER_OK", "context":{"environment":"Prod_WestEurope_x00e", "migrationStage":"NotStarted", "server":"GENERAL01000022"}}
{"logTime": "0604/163316", "correlationVector":"1BkH5OVQReGoKj/+GGnGNw.2","action":"Commit Response", "result":"SYNCER_OK", "context":Result: SYNCER_OK. cV=1BkH5OVQReGoKj/+GGnGNw.0;server=GENERAL01000022;cloudType=Multitenant;environment=Prod_WestEurope_x00e;migrationStage=NotStarted}
{"logTime": "0604/163319", "correlationVector":"IdydA8qRAupTqAE+oR51+E","action":"Normal GetUpdate request", "result":"", "context":cV=IdydA8qRAupTqAE+oR51+E
Nudged types: Sessions}
{"logTime": "0604/163320", "correlationVector":"IdydA8qRAupTqAE+oR51+E.1","action":"SyncServerConnectionManagerRequest", "result":"SYNC_SERVER_OK", "context":{"environment":"Prod_WestEurope_x00e", "migrationStage":"NotStarted", "server":"GENERAL0100001K"}}
{"logTime": "0604/163320", "correlationVector":"IdydA8qRAupTqAE+oR51+E.2","action":"GetUpdates Response", "result":"SYNCER_OK", "context":Received 1 update(s). cV=IdydA8qRAupTqAE+oR51+E.0;server=GENERAL0100001K;cloudType=Multitenant;environment=Prod_WestEurope_x00e;migrationStage=NotStarted}
